[ 2018-03-11T23:53:40+08:00 ] 182.140.175.143 /index.php/Home/Basket/getbasketamountsum?sel_goods%5B%5D=1346303&sel_goods%5B%5D=1346304&sel_goods%5B%5D=1346305&sel_goods%5B%5D=1346306&sel_goods%5B%5D=1346307&sel_goods%5B%5D=1346308&sel_goods%5B%5D=1346309&sel_goods%5B%5D=1346310
INFO: [ app_init ] --START--
INFO: Run Behavior\BuildLiteBehavior [ RunTime:0.000009s ]
INFO: [ app_init ] --END-- [ RunTime:0.000262s ]
INFO: [ app_begin ] --START--
INFO: Run Behavior\ReadHtmlCacheBehavior [ RunTime:0.001511s ]
INFO: [ app_begin ] --END-- [ RunTime:0.001551s ]
SQL: exec Jp_getgoodsBasket_sum 263097,'1346303,1346304,1346305,1346306,1346307,1346308,1346309,1346310' [ RunTime:0.0052s ]
INFO: [ app_end ] --START--
INFO: Run Behavior\ShowPageTraceBehavior [ RunTime:0.001143s ]
INFO: [ app_end ] --END-- [ RunTime:0.001182s ]

[ 2018-03-11T23:53:40+08:00 ] 182.140.175.143 /index.php/Home/Checkout/loadorderfj?sel_goods=1346303%2C1346304%2C1346305%2C1346306%2C1346307%2C1346308%2C1346309%2C1346310&_=1520783599654
INFO: [ app_init ] --START--
INFO: Run Behavior\BuildLiteBehavior [ RunTime:0.000009s ]
INFO: [ app_init ] --END-- [ RunTime:0.000245s ]
INFO: [ app_begin ] --START--
INFO: Run Behavior\ReadHtmlCacheBehavior [ RunTime:0.001019s ]
INFO: [ app_begin ] --END-- [ RunTime:0.001053s ]
SQL: exec Jp_Autocalcbox '1346303,1346304,1346305,1346306,1346307,1346308,1346309,1346310' [ RunTime:0.0095s ]
SQL: exec Jp_getgoodsSPM 129661 [ RunTime:0.0499s ]
NOTIC: [8] Undefined variable: cxid D:\weixinpt\htdocs\App\Home\Controller\CheckoutController.class.php 第 396 行.
SQL: exec Jp_auto_spm_calc 263097,129661,'1346303,1346304,1346305,1346306,1346307,1346308,1346309,1346310' [ RunTime:0.0472s ]
SQL: exec Jp_getjiesuanfujia '1346303,1346304,1346305,1346306,1346307,1346308,1346309,1346310' [ RunTime:0.0037s ]
INFO: [ view_parse ] --START--
INFO: [ template_filter ] --START--
INFO: Run Behavior\ContentReplaceBehavior [ RunTime:0.000048s ]
INFO: [ template_filter ] --END-- [ RunTime:0.000081s ]
INFO: Run Behavior\ParseTemplateBehavior [ RunTime:0.007269s ]
INFO: [ view_parse ] --END-- [ RunTime:0.007336s ]
INFO: [ view_filter ] --START--
INFO: Run Behavior\WriteHtmlCacheBehavior [ RunTime:0.001043s ]
INFO: [ view_filter ] --END-- [ RunTime:0.001072s ]
INFO: [ app_end ] --START--
INFO: Run Behavior\ShowPageTraceBehavior [ RunTime:0.001510s ]
INFO: [ app_end ] --END-- [ RunTime:0.001543s ]

[ 2018-03-11T23:53:40+08:00 ] 182.140.175.143 /index.php/Home/Basket/setbaseketqty?publishid=1346305&qty=105
INFO: [ app_init ] --START--
INFO: Run Behavior\BuildLiteBehavior [ RunTime:0.000009s ]
INFO: [ app_init ] --END-- [ RunTime:0.000279s ]
INFO: [ app_begin ] --START--
INFO: Run Behavior\ReadHtmlCacheBehavior [ RunTime:0.001494s ]
INFO: [ app_begin ] --END-- [ RunTime:0.001543s ]
SQL: exec Jp_setbasketqty 263097,1346305,105 [ RunTime:0.0086s ]
INFO: [ app_end ] --START--
INFO: Run Behavior\ShowPageTraceBehavior [ RunTime:0.001355s ]
INFO: [ app_end ] --END-- [ RunTime:0.001399s ]

[ 2018-03-11T23:53:40+08:00 ] 182.140.175.143 /index.php/Home/Basket/getbasketamountsum?sel_goods%5B%5D=1346303&sel_goods%5B%5D=1346304&sel_goods%5B%5D=1346305&sel_goods%5B%5D=1346306&sel_goods%5B%5D=1346307&sel_goods%5B%5D=1346308&sel_goods%5B%5D=1346309&sel_goods%5B%5D=1346310
INFO: [ app_init ] --START--
INFO: Run Behavior\BuildLiteBehavior [ RunTime:0.000009s ]
INFO: [ app_init ] --END-- [ RunTime:0.000245s ]
INFO: [ app_begin ] --START--
INFO: Run Behavior\ReadHtmlCacheBehavior [ RunTime:0.001026s ]
INFO: [ app_begin ] --END-- [ RunTime:0.001062s ]
SQL: exec Jp_getgoodsBasket_sum 263097,'1346303,1346304,1346305,1346306,1346307,1346308,1346309,1346310' [ RunTime:0.0049s ]
INFO: [ app_end ] --START--
INFO: Run Behavior\ShowPageTraceBehavior [ RunTime:0.001171s ]
INFO: [ app_end ] --END-- [ RunTime:0.001210s ]

[ 2018-03-11T23:53:40+08:00 ] 182.140.175.143 /index.php/Home/Basket/setbaseketqty?publishid=1346305&qty=104
INFO: [ app_init ] --START--
INFO: Run Behavior\BuildLiteBehavior [ RunTime:0.000010s ]
INFO: [ app_init ] --END-- [ RunTime:0.000247s ]
INFO: [ app_begin ] --START--
INFO: Run Behavior\ReadHtmlCacheBehavior [ RunTime:0.001058s ]
INFO: [ app_begin ] --END-- [ RunTime:0.001103s ]
SQL: exec Jp_setbasketqty 263097,1346305,104 [ RunTime:0.0072s ]
INFO: [ app_end ] --START--
INFO: Run Behavior\ShowPageTraceBehavior [ RunTime:0.001178s ]
INFO: [ app_end ] --END-- [ RunTime:0.001216s ]

[ 2018-03-11T23:53:40+08:00 ] 182.140.175.143 /index.php/Home/Basket/getbasketamountsum?sel_goods%5B%5D=1346303&sel_goods%5B%5D=1346304&sel_goods%5B%5D=1346305&sel_goods%5B%5D=1346306&sel_goods%5B%5D=1346307&sel_goods%5B%5D=1346308&sel_goods%5B%5D=1346309&sel_goods%5B%5D=1346310
INFO: [ app_init ] --START--
INFO: Run Behavior\BuildLiteBehavior [ RunTime:0.000009s ]
INFO: [ app_init ] --END-- [ RunTime:0.000296s ]
INFO: [ app_begin ] --START--
INFO: Run Behavior\ReadHtmlCacheBehavior [ RunTime:0.001415s ]
INFO: [ app_begin ] --END-- [ RunTime:0.001457s ]
SQL: exec Jp_getgoodsBasket_sum 263097,'1346303,1346304,1346305,1346306,1346307,1346308,1346309,1346310' [ RunTime:0.0055s ]
INFO: [ app_end ] --START--
INFO: Run Behavior\ShowPageTraceBehavior [ RunTime:0.001181s ]
INFO: [ app_end ] --END-- [ RunTime:0.001220s ]

[ 2018-03-11T23:53:40+08:00 ] 182.140.175.143 /index.php/Home/Checkout/loadorderfj?sel_goods=1346303%2C1346304%2C1346305%2C1346306%2C1346307%2C1346308%2C1346309%2C1346310&_=1520783599655
INFO: [ app_init ] --START--
INFO: Run Behavior\BuildLiteBehavior [ RunTime:0.000009s ]
INFO: [ app_init ] --END-- [ RunTime:0.000294s ]
INFO: [ app_begin ] --START--
INFO: Run Behavior\ReadHtmlCacheBehavior [ RunTime:0.001481s ]
INFO: [ app_begin ] --END-- [ RunTime:0.001525s ]
SQL: exec Jp_Autocalcbox '1346303,1346304,1346305,1346306,1346307,1346308,1346309,1346310' [ RunTime:0.0095s ]
SQL: exec Jp_getgoodsSPM 129661 [ RunTime:0.0480s ]
NOTIC: [8] Undefined variable: cxid D:\weixinpt\htdocs\App\Home\Controller\CheckoutController.class.php 第 396 行.
SQL: exec Jp_auto_spm_calc 263097,129661,'1346303,1346304,1346305,1346306,1346307,1346308,1346309,1346310' [ RunTime:0.0445s ]
SQL: exec Jp_getjiesuanfujia '1346303,1346304,1346305,1346306,1346307,1346308,1346309,1346310' [ RunTime:0.0043s ]
INFO: [ view_parse ] --START--
INFO: [ template_filter ] --START--
INFO: Run Behavior\ContentReplaceBehavior [ RunTime:0.000048s ]
INFO: [ template_filter ] --END-- [ RunTime:0.000081s ]
INFO: Run Behavior\ParseTemplateBehavior [ RunTime:0.007020s ]
INFO: [ view_parse ] --END-- [ RunTime:0.007073s ]
INFO: [ view_filter ] --START--
INFO: Run Behavior\WriteHtmlCacheBehavior [ RunTime:0.001138s ]
INFO: [ view_filter ] --END-- [ RunTime:0.001166s ]
INFO: [ app_end ] --START--
INFO: Run Behavior\ShowPageTraceBehavior [ RunTime:0.001035s ]
INFO: [ app_end ] --END-- [ RunTime:0.001064s ]

[ 2018-03-11T23:53:40+08:00 ] 182.140.175.143 /index.php/Home/Checkout/loadorderfj?sel_goods=1346303%2C1346304%2C1346305%2C1346306%2C1346307%2C1346308%2C1346309%2C1346310&_=1520783599656
INFO: [ app_init ] --START--
INFO: Run Behavior\BuildLiteBehavior [ RunTime:0.000009s ]
INFO: [ app_init ] --END-- [ RunTime:0.000244s ]
INFO: [ app_begin ] --START--
INFO: Run Behavior\ReadHtmlCacheBehavior [ RunTime:0.001091s ]
INFO: [ app_begin ] --END-- [ RunTime:0.001128s ]
SQL: exec Jp_Autocalcbox '1346303,1346304,1346305,1346306,1346307,1346308,1346309,1346310' [ RunTime:0.0116s ]
SQL: exec Jp_getgoodsSPM 129661 [ RunTime:0.0500s ]
NOTIC: [8] Undefined variable: cxid D:\weixinpt\htdocs\App\Home\Controller\CheckoutController.class.php 第 396 行.
SQL: exec Jp_auto_spm_calc 263097,129661,'1346303,1346304,1346305,1346306,1346307,1346308,1346309,1346310' [ RunTime:0.0483s ]
SQL: exec Jp_getjiesuanfujia '1346303,1346304,1346305,1346306,1346307,1346308,1346309,1346310' [ RunTime:0.0044s ]
INFO: [ view_parse ] --START--
INFO: [ template_filter ] --START--
INFO: Run Behavior\ContentReplaceBehavior [ RunTime:0.000048s ]
INFO: [ template_filter ] --END-- [ RunTime:0.000082s ]
INFO: Run Behavior\ParseTemplateBehavior [ RunTime:0.007028s ]
INFO: [ view_parse ] --END-- [ RunTime:0.007113s ]
INFO: [ view_filter ] --START--
INFO: Run Behavior\WriteHtmlCacheBehavior [ RunTime:0.001044s ]
INFO: [ view_filter ] --END-- [ RunTime:0.001073s ]
INFO: [ app_end ] --START--
INFO: Run Behavior\ShowPageTraceBehavior [ RunTime:0.001035s ]
INFO: [ app_end ] --END-- [ RunTime:0.001064s ]

[ 2018-03-11T23:53:40+08:00 ] 182.140.175.143 /index.php/Home/Basket/setbaseketqty?publishid=1346305&qty=103
INFO: [ app_init ] --START--
INFO: Run Behavior\BuildLiteBehavior [ RunTime:0.000009s ]
INFO: [ app_init ] --END-- [ RunTime:0.000244s ]
INFO: [ app_begin ] --START--
INFO: Run Behavior\ReadHtmlCacheBehavior [ RunTime:0.001060s ]
INFO: [ app_begin ] --END-- [ RunTime:0.001102s ]
SQL: exec Jp_setbasketqty 263097,1346305,103 [ RunTime:0.0132s ]
INFO: [ app_end ] --START--
INFO: Run Behavior\ShowPageTraceBehavior [ RunTime:0.001211s ]
INFO: [ app_end ] --END-- [ RunTime:0.001250s ]

[ 2018-03-11T23:53:40+08:00 ] 182.140.175.143 /index.php/Home/Basket/getbasketamountsum?sel_goods%5B%5D=1346303&sel_goods%5B%5D=1346304&sel_goods%5B%5D=1346305&sel_goods%5B%5D=1346306&sel_goods%5B%5D=1346307&sel_goods%5B%5D=1346308&sel_goods%5B%5D=1346309&sel_goods%5B%5D=1346310
INFO: [ app_init ] --START--
INFO: Run Behavior\BuildLiteBehavior [ RunTime:0.000009s ]
INFO: [ app_init ] --END-- [ RunTime:0.000249s ]
INFO: [ app_begin ] --START--
INFO: Run Behavior\ReadHtmlCacheBehavior [ RunTime:0.001019s ]
INFO: [ app_begin ] --END-- [ RunTime:0.001054s ]
SQL: exec Jp_getgoodsBasket_sum 263097,'1346303,1346304,1346305,1346306,1346307,1346308,1346309,1346310' [ RunTime:0.0051s ]
INFO: [ app_end ] --START--
INFO: Run Behavior\ShowPageTraceBehavior [ RunTime:0.001181s ]
INFO: [ app_end ] --END-- [ RunTime:0.001230s ]

[ 2018-03-11T23:53:40+08:00 ] 182.140.175.143 /index.php/Home/Basket/setbaseketqty?publishid=1346305&qty=102
INFO: [ app_init ] --START--
INFO: Run Behavior\BuildLiteBehavior [ RunTime:0.000009s ]
INFO: [ app_init ] --END-- [ RunTime:0.000235s ]
INFO: [ app_begin ] --START--
INFO: Run Behavior\ReadHtmlCacheBehavior [ RunTime:0.001028s ]
INFO: [ app_begin ] --END-- [ RunTime:0.001072s ]
SQL: exec Jp_setbasketqty 263097,1346305,102 [ RunTime:0.0079s ]
INFO: [ app_end ] --START--
INFO: Run Behavior\ShowPageTraceBehavior [ RunTime:0.001167s ]
INFO: [ app_end ] --END-- [ RunTime:0.001205s ]

[ 2018-03-11T23:53:40+08:00 ] 182.140.175.143 /index.php/Home/Basket/getbasketamountsum?sel_goods%5B%5D=1346303&sel_goods%5B%5D=1346304&sel_goods%5B%5D=1346305&sel_goods%5B%5D=1346306&sel_goods%5B%5D=1346307&sel_goods%5B%5D=1346308&sel_goods%5B%5D=1346309&sel_goods%5B%5D=1346310
INFO: [ app_init ] --START--
INFO: Run Behavior\BuildLiteBehavior [ RunTime:0.000010s ]
INFO: [ app_init ] --END-- [ RunTime:0.000329s ]
INFO: [ app_begin ] --START--
INFO: Run Behavior\ReadHtmlCacheBehavior [ RunTime:0.001737s ]
INFO: [ app_begin ] --END-- [ RunTime:0.001776s ]
SQL: exec Jp_getgoodsBasket_sum 263097,'1346303,1346304,1346305,1346306,1346307,1346308,1346309,1346310' [ RunTime:0.0050s ]
INFO: [ app_end ] --START--
INFO: Run Behavior\ShowPageTraceBehavior [ RunTime:0.001170s ]
INFO: [ app_end ] --END-- [ RunTime:0.001210s ]

[ 2018-03-11T23:53:40+08:00 ] 182.140.175.143 /index.php/Home/Checkout/loadorderfj?sel_goods=1346303%2C1346304%2C1346305%2C1346306%2C1346307%2C1346308%2C1346309%2C1346310&_=1520783599657
INFO: [ app_init ] --START--
INFO: Run Behavior\BuildLiteBehavior [ RunTime:0.000009s ]
INFO: [ app_init ] --END-- [ RunTime:0.000287s ]
INFO: [ app_begin ] --START--
INFO: Run Behavior\ReadHtmlCacheBehavior [ RunTime:0.001642s ]
INFO: [ app_begin ] --END-- [ RunTime:0.001683s ]
SQL: exec Jp_Autocalcbox '1346303,1346304,1346305,1346306,1346307,1346308,1346309,1346310' [ RunTime:0.0103s ]
SQL: exec Jp_getgoodsSPM 129661 [ RunTime:0.0481s ]
NOTIC: [8] Undefined variable: cxid D:\weixinpt\htdocs\App\Home\Controller\CheckoutController.class.php 第 396 行.
SQL: exec Jp_auto_spm_calc 263097,129661,'1346303,1346304,1346305,1346306,1346307,1346308,1346309,1346310' [ RunTime:0.0447s ]
SQL: exec Jp_getjiesuanfujia '1346303,1346304,1346305,1346306,1346307,1346308,1346309,1346310' [ RunTime:0.0043s ]
INFO: [ view_parse ] --START--
INFO: [ template_filter ] --START--
INFO: Run Behavior\ContentReplaceBehavior [ RunTime:0.000050s ]
INFO: [ template_filter ] --END-- [ RunTime:0.000083s ]
INFO: Run Behavior\ParseTemplateBehavior [ RunTime:0.007000s ]
INFO: [ view_parse ] --END-- [ RunTime:0.007053s ]
INFO: [ view_filter ] --START--
INFO: Run Behavior\WriteHtmlCacheBehavior [ RunTime:0.001044s ]
INFO: [ view_filter ] --END-- [ RunTime:0.001072s ]
INFO: [ app_end ] --START--
INFO: Run Behavior\ShowPageTraceBehavior [ RunTime:0.001130s ]
INFO: [ app_end ] --END-- [ RunTime:0.001159s ]

[ 2018-03-11T23:53:41+08:00 ] 182.140.175.143 /index.php/Home/Basket/setbaseketqty?publishid=1346305&qty=101
INFO: [ app_init ] --START--
INFO: Run Behavior\BuildLiteBehavior [ RunTime:0.000009s ]
INFO: [ app_init ] --END-- [ RunTime:0.000299s ]
INFO: [ app_begin ] --START--
INFO: Run Behavior\ReadHtmlCacheBehavior [ RunTime:0.001093s ]
INFO: [ app_begin ] --END-- [ RunTime:0.001139s ]
SQL: exec Jp_setbasketqty 263097,1346305,101 [ RunTime:0.0076s ]
INFO: [ app_end ] --START--
INFO: Run Behavior\ShowPageTraceBehavior [ RunTime:0.001187s ]
INFO: [ app_end ] --END-- [ RunTime:0.001225s ]

[ 2018-03-11T23:53:41+08:00 ] 182.140.175.143 /index.php/Home/Checkout/loadorderfj?sel_goods=1346303%2C1346304%2C1346305%2C1346306%2C1346307%2C1346308%2C1346309%2C1346310&_=1520783599658
INFO: [ app_init ] --START--
INFO: Run Behavior\BuildLiteBehavior [ RunTime:0.000009s ]
INFO: [ app_init ] --END-- [ RunTime:0.000287s ]
INFO: [ app_begin ] --START--
INFO: Run Behavior\ReadHtmlCacheBehavior [ RunTime:0.001458s ]
INFO: [ app_begin ] --END-- [ RunTime:0.001501s ]
SQL: exec Jp_Autocalcbox '1346303,1346304,1346305,1346306,1346307,1346308,1346309,1346310' [ RunTime:0.0114s ]
SQL: exec Jp_getgoodsSPM 129661 [ RunTime:0.0487s ]
NOTIC: [8] Undefined variable: cxid D:\weixinpt\htdocs\App\Home\Controller\CheckoutController.class.php 第 396 行.
SQL: exec Jp_auto_spm_calc 263097,129661,'1346303,1346304,1346305,1346306,1346307,1346308,1346309,1346310' [ RunTime:0.0449s ]
SQL: exec Jp_getjiesuanfujia '1346303,1346304,1346305,1346306,1346307,1346308,1346309,1346310' [ RunTime:0.0044s ]
INFO: [ view_parse ] --START--
INFO: [ template_filter ] --START--
INFO: Run Behavior\ContentReplaceBehavior [ RunTime:0.000049s ]
INFO: [ template_filter ] --END-- [ RunTime:0.000082s ]
INFO: Run Behavior\ParseTemplateBehavior [ RunTime:0.006983s ]
INFO: [ view_parse ] --END-- [ RunTime:0.007050s ]
INFO: [ view_filter ] --START--
INFO: Run Behavior\WriteHtmlCacheBehavior [ RunTime:0.001050s ]
INFO: [ view_filter ] --END-- [ RunTime:0.001078s ]
INFO: [ app_end ] --START--
INFO: Run Behavior\ShowPageTraceBehavior [ RunTime:0.001026s ]
INFO: [ app_end ] --END-- [ RunTime:0.001053s ]

[ 2018-03-11T23:53:41+08:00 ] 182.140.175.143 /index.php/Home/Basket/getbasketamountsum?sel_goods%5B%5D=1346303&sel_goods%5B%5D=1346304&sel_goods%5B%5D=1346305&sel_goods%5B%5D=1346306&sel_goods%5B%5D=1346307&sel_goods%5B%5D=1346308&sel_goods%5B%5D=1346309&sel_goods%5B%5D=1346310
INFO: [ app_init ] --START--
INFO: Run Behavior\BuildLiteBehavior [ RunTime:0.000009s ]
INFO: [ app_init ] --END-- [ RunTime:0.000243s ]
INFO: [ app_begin ] --START--
INFO: Run Behavior\ReadHtmlCacheBehavior [ RunTime:0.001029s ]
INFO: [ app_begin ] --END-- [ RunTime:0.001065s ]
SQL: exec Jp_getgoodsBasket_sum 263097,'1346303,1346304,1346305,1346306,1346307,1346308,1346309,1346310' [ RunTime:0.0044s ]
INFO: [ app_end ] --START--
INFO: Run Behavior\ShowPageTraceBehavior [ RunTime:0.001319s ]
INFO: [ app_end ] --END-- [ RunTime:0.001366s ]

[ 2018-03-11T23:53:41+08:00 ] 182.140.175.143 /index.php/Home/Basket/setbaseketqty?publishid=1346305&qty=100
INFO: [ app_init ] --START--
INFO: Run Behavior\BuildLiteBehavior [ RunTime:0.000009s ]
INFO: [ app_init ] --END-- [ RunTime:0.000242s ]
INFO: [ app_begin ] --START--
INFO: Run Behavior\ReadHtmlCacheBehavior [ RunTime:0.001033s ]
INFO: [ app_begin ] --END-- [ RunTime:0.001077s ]
SQL: exec Jp_setbasketqty 263097,1346305,100 [ RunTime:0.0100s ]
INFO: [ app_end ] --START--
INFO: Run Behavior\ShowPageTraceBehavior [ RunTime:0.001143s ]
INFO: [ app_end ] --END-- [ RunTime:0.001182s ]

[ 2018-03-11T23:53:41+08:00 ] 182.140.175.143 /index.php/Home/Checkout/loadorderfj?sel_goods=1346303%2C1346304%2C1346305%2C1346306%2C1346307%2C1346308%2C1346309%2C1346310&_=1520783599659
INFO: [ app_init ] --START--
INFO: Run Behavior\BuildLiteBehavior [ RunTime:0.000009s ]
INFO: [ app_init ] --END-- [ RunTime:0.000249s ]
INFO: [ app_begin ] --START--
INFO: Run Behavior\ReadHtmlCacheBehavior [ RunTime:0.001028s ]
INFO: [ app_begin ] --END-- [ RunTime:0.001062s ]
SQL: exec Jp_Autocalcbox '1346303,1346304,1346305,1346306,1346307,1346308,1346309,1346310' [ RunTime:0.0102s ]
SQL: exec Jp_getgoodsSPM 129661 [ RunTime:0.0485s ]
NOTIC: [8] Undefined variable: cxid D:\weixinpt\htdocs\App\Home\Controller\CheckoutController.class.php 第 396 行.
SQL: exec Jp_auto_spm_calc 263097,129661,'1346303,1346304,1346305,1346306,1346307,1346308,1346309,1346310' [ RunTime:0.0445s ]
SQL: exec Jp_getjiesuanfujia '1346303,1346304,1346305,1346306,1346307,1346308,1346309,1346310' [ RunTime:0.0039s ]
INFO: [ view_parse ] --START--
INFO: [ template_filter ] --START--
INFO: Run Behavior\ContentReplaceBehavior [ RunTime:0.000049s ]
INFO: [ template_filter ] --END-- [ RunTime:0.000084s ]
INFO: Run Behavior\ParseTemplateBehavior [ RunTime:0.008052s ]
INFO: [ view_parse ] --END-- [ RunTime:0.008103s ]
INFO: [ view_filter ] --START--
INFO: Run Behavior\WriteHtmlCacheBehavior [ RunTime:0.001281s ]
INFO: [ view_filter ] --END-- [ RunTime:0.001314s ]
INFO: [ app_end ] --START--
INFO: Run Behavior\ShowPageTraceBehavior [ RunTime:0.001429s ]
INFO: [ app_end ] --END-- [ RunTime:0.001513s ]

[ 2018-03-11T23:53:41+08:00 ] 182.140.175.143 /index.php/Home/Basket/getbasketamountsum?sel_goods%5B%5D=1346303&sel_goods%5B%5D=1346304&sel_goods%5B%5D=1346305&sel_goods%5B%5D=1346306&sel_goods%5B%5D=1346307&sel_goods%5B%5D=1346308&sel_goods%5B%5D=1346309&sel_goods%5B%5D=1346310
INFO: [ app_init ] --START--
INFO: Run Behavior\BuildLiteBehavior [ RunTime:0.000009s ]
INFO: [ app_init ] --END-- [ RunTime:0.000241s ]
INFO: [ app_begin ] --START--
INFO: Run Behavior\ReadHtmlCacheBehavior [ RunTime:0.001020s ]
INFO: [ app_begin ] --END-- [ RunTime:0.001054s ]
SQL: exec Jp_getgoodsBasket_sum 263097,'1346303,1346304,1346305,1346306,1346307,1346308,1346309,1346310' [ RunTime:0.0043s ]
INFO: [ app_end ] --START--
INFO: Run Behavior\ShowPageTraceBehavior [ RunTime:0.001177s ]
INFO: [ app_end ] --END-- [ RunTime:0.001214s ]

[ 2018-03-11T23:53:41+08:00 ] 182.140.175.143 /index.php/Home/Checkout/loadorderfj?sel_goods=1346303%2C1346304%2C1346305%2C1346306%2C1346307%2C1346308%2C1346309%2C1346310&_=1520783599660
INFO: [ app_init ] --START--
INFO: Run Behavior\BuildLiteBehavior [ RunTime:0.000009s ]
INFO: [ app_init ] --END-- [ RunTime:0.000263s ]
INFO: [ app_begin ] --START--
INFO: Run Behavior\ReadHtmlCacheBehavior [ RunTime:0.001423s ]
INFO: [ app_begin ] --END-- [ RunTime:0.001472s ]
SQL: exec Jp_Autocalcbox '1346303,1346304,1346305,1346306,1346307,1346308,1346309,1346310' [ RunTime:0.0099s ]
SQL: exec Jp_getgoodsSPM 129661 [ RunTime:0.0500s ]
NOTIC: [8] Undefined variable: cxid D:\weixinpt\htdocs\App\Home\Controller\CheckoutController.class.php 第 396 行.
SQL: exec Jp_auto_spm_calc 263097,129661,'1346303,1346304,1346305,1346306,1346307,1346308,1346309,1346310' [ RunTime:0.0452s ]
SQL: exec Jp_getjiesuanfujia '1346303,1346304,1346305,1346306,1346307,1346308,1346309,1346310' [ RunTime:0.0042s ]
INFO: [ view_parse ] --START--
INFO: [ template_filter ] --START--
INFO: Run Behavior\ContentReplaceBehavior [ RunTime:0.000048s ]
INFO: [ template_filter ] --END-- [ RunTime:0.000081s ]
INFO: Run Behavior\ParseTemplateBehavior [ RunTime:0.007128s ]
INFO: [ view_parse ] --END-- [ RunTime:0.007181s ]
INFO: [ view_filter ] --START--
INFO: Run Behavior\WriteHtmlCacheBehavior [ RunTime:0.001058s ]
INFO: [ view_filter ] --END-- [ RunTime:0.001086s ]
INFO: [ app_end ] --START--
INFO: Run Behavior\ShowPageTraceBehavior [ RunTime:0.001046s ]
INFO: [ app_end ] --END-- [ RunTime:0.001075s ]

[ 2018-03-11T23:53:41+08:00 ] 182.140.175.143 /index.php/Home/Basket/setbaseketqty?publishid=1346305&qty=99
INFO: [ app_init ] --START--
INFO: Run Behavior\BuildLiteBehavior [ RunTime:0.000009s ]
INFO: [ app_init ] --END-- [ RunTime:0.000236s ]
INFO: [ app_begin ] --START--
INFO: Run Behavior\ReadHtmlCacheBehavior [ RunTime:0.001021s ]
INFO: [ app_begin ] --END-- [ RunTime:0.001064s ]
SQL: exec Jp_setbasketqty 263097,1346305,99 [ RunTime:0.0079s ]
INFO: [ app_end ] --START--
INFO: Run Behavior\ShowPageTraceBehavior [ RunTime:0.001136s ]
INFO: [ app_end ] --END-- [ RunTime:0.001174s ]

[ 2018-03-11T23:53:41+08:00 ] 182.140.175.143 /index.php/Home/Basket/getbasketamountsum?sel_goods%5B%5D=1346303&sel_goods%5B%5D=1346304&sel_goods%5B%5D=1346305&sel_goods%5B%5D=1346306&sel_goods%5B%5D=1346307&sel_goods%5B%5D=1346308&sel_goods%5B%5D=1346309&sel_goods%5B%5D=1346310
INFO: [ app_init ] --START--
INFO: Run Behavior\BuildLiteBehavior [ RunTime:0.000008s ]
INFO: [ app_init ] --END-- [ RunTime:0.000248s ]
INFO: [ app_begin ] --START--
INFO: Run Behavior\ReadHtmlCacheBehavior [ RunTime:0.001031s ]
INFO: [ app_begin ] --END-- [ RunTime:0.001066s ]
SQL: exec Jp_getgoodsBasket_sum 263097,'1346303,1346304,1346305,1346306,1346307,1346308,1346309,1346310' [ RunTime:0.0055s ]
INFO: [ app_end ] --START--
INFO: Run Behavior\ShowPageTraceBehavior [ RunTime:0.001176s ]
INFO: [ app_end ] --END-- [ RunTime:0.001216s ]

[ 2018-03-11T23:53:41+08:00 ] 182.140.175.143 /index.php/Home/Basket/setbaseketqty?publishid=1346305&qty=98
INFO: [ app_init ] --START--
INFO: Run Behavior\BuildLiteBehavior [ RunTime:0.000009s ]
INFO: [ app_init ] --END-- [ RunTime:0.000239s ]
INFO: [ app_begin ] --START--
INFO: Run Behavior\ReadHtmlCacheBehavior [ RunTime:0.001034s ]
INFO: [ app_begin ] --END-- [ RunTime:0.001078s ]
SQL: exec Jp_setbasketqty 263097,1346305,98 [ RunTime:0.0174s ]
INFO: [ app_end ] --START--
INFO: Run Behavior\ShowPageTraceBehavior [ RunTime:0.001142s ]
INFO: [ app_end ] --END-- [ RunTime:0.001180s ]

[ 2018-03-11T23:53:41+08:00 ] 182.140.175.143 /index.php/Home/Basket/getbasketamountsum?sel_goods%5B%5D=1346303&sel_goods%5B%5D=1346304&sel_goods%5B%5D=1346305&sel_goods%5B%5D=1346306&sel_goods%5B%5D=1346307&sel_goods%5B%5D=1346308&sel_goods%5B%5D=1346309&sel_goods%5B%5D=1346310
INFO: [ app_init ] --START--
INFO: Run Behavior\BuildLiteBehavior [ RunTime:0.000010s ]
INFO: [ app_init ] --END-- [ RunTime:0.000283s ]
INFO: [ app_begin ] --START--
INFO: Run Behavior\ReadHtmlCacheBehavior [ RunTime:0.002240s ]
INFO: [ app_begin ] --END-- [ RunTime:0.002282s ]
SQL: exec Jp_getgoodsBasket_sum 263097,'1346303,1346304,1346305,1346306,1346307,1346308,1346309,1346310' [ RunTime:0.0052s ]
INFO: [ app_end ] --START--
INFO: Run Behavior\ShowPageTraceBehavior [ RunTime:0.001737s ]
INFO: [ app_end ] --END-- [ RunTime:0.001775s ]

[ 2018-03-11T23:53:41+08:00 ] 182.140.175.143 /index.php/Home/Checkout/loadorderfj?sel_goods=1346303%2C1346304%2C1346305%2C1346306%2C1346307%2C1346308%2C1346309%2C1346310&_=1520783599661
INFO: [ app_init ] --START--
INFO: Run Behavior\BuildLiteBehavior [ RunTime:0.000010s ]
INFO: [ app_init ] --END-- [ RunTime:0.000280s ]
INFO: [ app_begin ] --START--
INFO: Run Behavior\ReadHtmlCacheBehavior [ RunTime:0.002104s ]
INFO: [ app_begin ] --END-- [ RunTime:0.002145s ]
SQL: exec Jp_Autocalcbox '1346303,1346304,1346305,1346306,1346307,1346308,1346309,1346310' [ RunTime:0.0096s ]
SQL: exec Jp_getgoodsSPM 129661 [ RunTime:0.0485s ]
NOTIC: [8] Undefined variable: cxid D:\weixinpt\htdocs\App\Home\Controller\CheckoutController.class.php 第 396 行.
SQL: exec Jp_auto_spm_calc 263097,129661,'1346303,1346304,1346305,1346306,1346307,1346308,1346309,1346310' [ RunTime:0.0441s ]
SQL: exec Jp_getjiesuanfujia '1346303,1346304,1346305,1346306,1346307,1346308,1346309,1346310' [ RunTime:0.0042s ]
INFO: [ view_parse ] --START--
INFO: [ template_filter ] --START--
INFO: Run Behavior\ContentReplaceBehavior [ RunTime:0.000049s ]
INFO: [ template_filter ] --END-- [ RunTime:0.000083s ]
INFO: Run Behavior\ParseTemplateBehavior [ RunTime:0.006978s ]
INFO: [ view_parse ] --END-- [ RunTime:0.007030s ]
INFO: [ view_filter ] --START--
INFO: Run Behavior\WriteHtmlCacheBehavior [ RunTime:0.001037s ]
INFO: [ view_filter ] --END-- [ RunTime:0.001064s ]
INFO: [ app_end ] --START--
INFO: Run Behavior\ShowPageTraceBehavior [ RunTime:0.001114s ]
INFO: [ app_end ] --END-- [ RunTime:0.001144s ]

[ 2018-03-11T23:53:41+08:00 ] 182.140.175.143 /index.php/Home/Basket/setbaseketqty?publishid=1346305&qty=97
INFO: [ app_init ] --START--
INFO: Run Behavior\BuildLiteBehavior [ RunTime:0.000009s ]
INFO: [ app_init ] --END-- [ RunTime:0.000273s ]
INFO: [ app_begin ] --START--
INFO: Run Behavior\ReadHtmlCacheBehavior [ RunTime:0.002120s ]
INFO: [ app_begin ] --END-- [ RunTime:0.002188s ]
SQL: exec Jp_setbasketqty 263097,1346305,97 [ RunTime:0.0070s ]
INFO: [ app_end ] --START--
INFO: Run Behavior\ShowPageTraceBehavior [ RunTime:0.001223s ]
INFO: [ app_end ] --END-- [ RunTime:0.001261s ]

[ 2018-03-11T23:53:42+08:00 ] 182.140.175.143 /index.php/Home/Checkout/loadorderfj?sel_goods=1346303%2C1346304%2C1346305%2C1346306%2C1346307%2C1346308%2C1346309%2C1346310&_=1520783599662
INFO: [ app_init ] --START--
INFO: Run Behavior\BuildLiteBehavior [ RunTime:0.000010s ]
INFO: [ app_init ] --END-- [ RunTime:0.000311s ]
INFO: [ app_begin ] --START--
INFO: Run Behavior\ReadHtmlCacheBehavior [ RunTime:0.001315s ]
INFO: [ app_begin ] --END-- [ RunTime:0.001356s ]
SQL: exec Jp_Autocalcbox '1346303,1346304,1346305,1346306,1346307,1346308,1346309,1346310' [ RunTime:0.0114s ]
SQL: exec Jp_getgoodsSPM 129661 [ RunTime:0.0498s ]
NOTIC: [8] Undefined variable: cxid D:\weixinpt\htdocs\App\Home\Controller\CheckoutController.class.php 第 396 行.
SQL: exec Jp_auto_spm_calc 263097,129661,'1346303,1346304,1346305,1346306,1346307,1346308,1346309,1346310' [ RunTime:0.0445s ]
SQL: exec Jp_getjiesuanfujia '1346303,1346304,1346305,1346306,1346307,1346308,1346309,1346310' [ RunTime:0.0039s ]
INFO: [ view_parse ] --START--
INFO: [ template_filter ] --START--
INFO: Run Behavior\ContentReplaceBehavior [ RunTime:0.000048s ]
INFO: [ template_filter ] --END-- [ RunTime:0.000080s ]
INFO: Run Behavior\ParseTemplateBehavior [ RunTime:0.007203s ]
INFO: [ view_parse ] --END-- [ RunTime:0.007254s ]
INFO: [ view_filter ] --START--
INFO: Run Behavior\WriteHtmlCacheBehavior [ RunTime:0.001042s ]
INFO: [ view_filter ] --END-- [ RunTime:0.001071s ]
INFO: [ app_end ] --START--
INFO: Run Behavior\ShowPageTraceBehavior [ RunTime:0.001027s ]
INFO: [ app_end ] --END-- [ RunTime:0.001055s ]

[ 2018-03-11T23:53:42+08:00 ] 182.140.175.143 /index.php/Home/Basket/getbasketamountsum?sel_goods%5B%5D=1346303&sel_goods%5B%5D=1346304&sel_goods%5B%5D=1346305&sel_goods%5B%5D=1346306&sel_goods%5B%5D=1346307&sel_goods%5B%5D=1346308&sel_goods%5B%5D=1346309&sel_goods%5B%5D=1346310
INFO: [ app_init ] --START--
INFO: Run Behavior\BuildLiteBehavior [ RunTime:0.000009s ]
INFO: [ app_init ] --END-- [ RunTime:0.000246s ]
INFO: [ app_begin ] --START--
INFO: Run Behavior\ReadHtmlCacheBehavior [ RunTime:0.001023s ]
INFO: [ app_begin ] --END-- [ RunTime:0.001057s ]
SQL: exec Jp_getgoodsBasket_sum 263097,'1346303,1346304,1346305,1346306,1346307,1346308,1346309,1346310' [ RunTime:0.0049s ]
INFO: [ app_end ] --START--
INFO: Run Behavior\ShowPageTraceBehavior [ RunTime:0.001148s ]
INFO: [ app_end ] --END-- [ RunTime:0.001187s ]

[ 2018-03-11T23:53:42+08:00 ] 182.140.175.143 /index.php/Home/Checkout/loadorderfj?sel_goods=1346303%2C1346304%2C1346305%2C1346306%2C1346307%2C1346308%2C1346309%2C1346310&_=1520783599663
INFO: [ app_init ] --START--
INFO: Run Behavior\BuildLiteBehavior [ RunTime:0.000010s ]
INFO: [ app_init ] --END-- [ RunTime:0.000252s ]
INFO: [ app_begin ] --START--
INFO: Run Behavior\ReadHtmlCacheBehavior [ RunTime:0.001180s ]
INFO: [ app_begin ] --END-- [ RunTime:0.001220s ]
SQL: exec Jp_Autocalcbox '1346303,1346304,1346305,1346306,1346307,1346308,1346309,1346310' [ RunTime:0.0103s ]
SQL: exec Jp_getgoodsSPM 129661 [ RunTime:0.0484s ]
NOTIC: [8] Undefined variable: cxid D:\weixinpt\htdocs\App\Home\Controller\CheckoutController.class.php 第 396 行.
SQL: exec Jp_auto_spm_calc 263097,129661,'1346303,1346304,1346305,1346306,1346307,1346308,1346309,1346310' [ RunTime:0.0445s ]
SQL: exec Jp_getjiesuanfujia '1346303,1346304,1346305,1346306,1346307,1346308,1346309,1346310' [ RunTime:0.0036s ]
INFO: [ view_parse ] --START--
INFO: [ template_filter ] --START--
INFO: Run Behavior\ContentReplaceBehavior [ RunTime:0.000049s ]
INFO: [ template_filter ] --END-- [ RunTime:0.000081s ]
INFO: Run Behavior\ParseTemplateBehavior [ RunTime:0.007138s ]
INFO: [ view_parse ] --END-- [ RunTime:0.007191s ]
INFO: [ view_filter ] --START--
INFO: Run Behavior\WriteHtmlCacheBehavior [ RunTime:0.001070s ]
INFO: [ view_filter ] --END-- [ RunTime:0.001098s ]
INFO: [ app_end ] --START--
INFO: Run Behavior\ShowPageTraceBehavior [ RunTime:0.001053s ]
INFO: [ app_end ] --END-- [ RunTime:0.001082s ]

[ 2018-03-11T23:53:42+08:00 ] 182.140.175.143 /index.php/Home/Basket/getbasketamountsum?sel_goods%5B%5D=1346303&sel_goods%5B%5D=1346304&sel_goods%5B%5D=1346305&sel_goods%5B%5D=1346306&sel_goods%5B%5D=1346307&sel_goods%5B%5D=1346308&sel_goods%5B%5D=1346309&sel_goods%5B%5D=1346310
INFO: [ app_init ] --START--
INFO: Run Behavior\BuildLiteBehavior [ RunTime:0.000009s ]
INFO: [ app_init ] --END-- [ RunTime:0.000247s ]
INFO: [ app_begin ] --START--
INFO: Run Behavior\ReadHtmlCacheBehavior [ RunTime:0.001037s ]
INFO: [ app_begin ] --END-- [ RunTime:0.001072s ]
SQL: exec Jp_getgoodsBasket_sum 263097,'1346303,1346304,1346305,1346306,1346307,1346308,1346309,1346310' [ RunTime:0.0047s ]
INFO: [ app_end ] --START--
INFO: Run Behavior\ShowPageTraceBehavior [ RunTime:0.001145s ]
INFO: [ app_end ] --END-- [ RunTime:0.001183s ]

[ 2018-03-11T23:53:49+08:00 ] 182.140.175.143 /index.php/Home/Basket/setbaseketqty?publishid=1346305&qty=96
INFO: [ app_init ] --START--
INFO: Run Behavior\BuildLiteBehavior [ RunTime:0.000009s ]
INFO: [ app_init ] --END-- [ RunTime:0.000244s ]
INFO: [ app_begin ] --START--
INFO: Run Behavior\ReadHtmlCacheBehavior [ RunTime:0.001065s ]
INFO: [ app_begin ] --END-- [ RunTime:0.001108s ]
SQL: exec Jp_setbasketqty 263097,1346305,96 [ RunTime:0.0065s ]
INFO: [ app_end ] --START--
INFO: Run Behavior\ShowPageTraceBehavior [ RunTime:0.001094s ]
INFO: [ app_end ] --END-- [ RunTime:0.001128s ]

[ 2018-03-11T23:53:50+08:00 ] 182.140.175.143 /index.php/Home/Basket/getbasketamountsum?sel_goods%5B%5D=1346303&sel_goods%5B%5D=1346304&sel_goods%5B%5D=1346305&sel_goods%5B%5D=1346306&sel_goods%5B%5D=1346307&sel_goods%5B%5D=1346308&sel_goods%5B%5D=1346309&sel_goods%5B%5D=1346310
INFO: [ app_init ] --START--
INFO: Run Behavior\BuildLiteBehavior [ RunTime:0.000011s ]
INFO: [ app_init ] --END-- [ RunTime:0.000281s ]
INFO: [ app_begin ] --START--
INFO: Run Behavior\ReadHtmlCacheBehavior [ RunTime:0.001460s ]
INFO: [ app_begin ] --END-- [ RunTime:0.001500s ]
SQL: exec Jp_getgoodsBasket_sum 263097,'1346303,1346304,1346305,1346306,1346307,1346308,1346309,1346310' [ RunTime:0.0051s ]
INFO: [ app_end ] --START--
INFO: Run Behavior\ShowPageTraceBehavior [ RunTime:0.001477s ]
INFO: [ app_end ] --END-- [ RunTime:0.001514s ]

[ 2018-03-11T23:53:50+08:00 ] 182.140.175.143 /index.php/Home/Checkout/loadorderfj?sel_goods=1346303%2C1346304%2C1346305%2C1346306%2C1346307%2C1346308%2C1346309%2C1346310&_=1520783599664
INFO: [ app_init ] --START--
INFO: Run Behavior\BuildLiteBehavior [ RunTime:0.000008s ]
INFO: [ app_init ] --END-- [ RunTime:0.000247s ]
INFO: [ app_begin ] --START--
INFO: Run Behavior\ReadHtmlCacheBehavior [ RunTime:0.001352s ]
INFO: [ app_begin ] --END-- [ RunTime:0.001392s ]
SQL: exec Jp_Autocalcbox '1346303,1346304,1346305,1346306,1346307,1346308,1346309,1346310' [ RunTime:0.0106s ]
SQL: exec Jp_getgoodsSPM 129661 [ RunTime:0.0498s ]
NOTIC: [8] Undefined variable: cxid D:\weixinpt\htdocs\App\Home\Controller\CheckoutController.class.php 第 396 行.
SQL: exec Jp_auto_spm_calc 263097,129661,'1346303,1346304,1346305,1346306,1346307,1346308,1346309,1346310' [ RunTime:0.0445s ]
SQL: exec Jp_getjiesuanfujia '1346303,1346304,1346305,1346306,1346307,1346308,1346309,1346310' [ RunTime:0.0042s ]
INFO: [ view_parse ] --START--
INFO: [ template_filter ] --START--
INFO: Run Behavior\ContentReplaceBehavior [ RunTime:0.000049s ]
INFO: [ template_filter ] --END-- [ RunTime:0.000082s ]
INFO: Run Behavior\ParseTemplateBehavior [ RunTime:0.007145s ]
INFO: [ view_parse ] --END-- [ RunTime:0.007198s ]
INFO: [ view_filter ] --START--
INFO: Run Behavior\WriteHtmlCacheBehavior [ RunTime:0.001139s ]
INFO: [ view_filter ] --END-- [ RunTime:0.001167s ]
INFO: [ app_end ] --START--
INFO: Run Behavior\ShowPageTraceBehavior [ RunTime:0.001055s ]
INFO: [ app_end ] --END-- [ RunTime:0.001083s ]

[ 2018-03-11T23:53:50+08:00 ] 182.140.175.143 /index.php/Home/Basket/setbaseketqty?publishid=1346305&qty=95
INFO: [ app_init ] --START--
INFO: Run Behavior\BuildLiteBehavior [ RunTime:0.000010s ]
INFO: [ app_init ] --END-- [ RunTime:0.000245s ]
INFO: [ app_begin ] --START--
INFO: Run Behavior\ReadHtmlCacheBehavior [ RunTime:0.001064s ]
INFO: [ app_begin ] --END-- [ RunTime:0.001110s ]
SQL: exec Jp_setbasketqty 263097,1346305,95 [ RunTime:0.0103s ]
INFO: [ app_end ] --START--
INFO: Run Behavior\ShowPageTraceBehavior [ RunTime:0.001189s ]
INFO: [ app_end ] --END-- [ RunTime:0.001226s ]

[ 2018-03-11T23:53:50+08:00 ] 182.140.175.143 /index.php/Home/Basket/getbasketamountsum?sel_goods%5B%5D=1346303&sel_goods%5B%5D=1346304&sel_goods%5B%5D=1346305&sel_goods%5B%5D=1346306&sel_goods%5B%5D=1346307&sel_goods%5B%5D=1346308&sel_goods%5B%5D=1346309&sel_goods%5B%5D=1346310
INFO: [ app_init ] --START--
INFO: Run Behavior\BuildLiteBehavior [ RunTime:0.000009s ]
INFO: [ app_init ] --END-- [ RunTime:0.000300s ]
INFO: [ app_begin ] --START--
INFO: Run Behavior\ReadHtmlCacheBehavior [ RunTime:0.001503s ]
INFO: [ app_begin ] --END-- [ RunTime:0.001543s ]
SQL: exec Jp_getgoodsBasket_sum 263097,'1346303,1346304,1346305,1346306,1346307,1346308,1346309,1346310' [ RunTime:0.0050s ]
INFO: [ app_end ] --START--
INFO: Run Behavior\ShowPageTraceBehavior [ RunTime:0.001184s ]
INFO: [ app_end ] --END-- [ RunTime:0.001223s ]

[ 2018-03-11T23:53:50+08:00 ] 182.140.175.143 /index.php/Home/Checkout/loadorderfj?sel_goods=1346303%2C1346304%2C1346305%2C1346306%2C1346307%2C1346308%2C1346309%2C1346310&_=1520783599665
INFO: [ app_init ] --START--
INFO: Run Behavior\BuildLiteBehavior [ RunTime:0.000010s ]
INFO: [ app_init ] --END-- [ RunTime:0.000369s ]
INFO: [ app_begin ] --START--
INFO: Run Behavior\ReadHtmlCacheBehavior [ RunTime:0.001027s ]
INFO: [ app_begin ] --END-- [ RunTime:0.001064s ]
SQL: exec Jp_Autocalcbox '1346303,1346304,1346305,1346306,1346307,1346308,1346309,1346310' [ RunTime:0.0110s ]
SQL: exec Jp_getgoodsSPM 129661 [ RunTime:0.0479s ]
NOTIC: [8] Undefined variable: cxid D:\weixinpt\htdocs\App\Home\Controller\CheckoutController.class.php 第 396 行.
SQL: exec Jp_auto_spm_calc 263097,129661,'1346303,1346304,1346305,1346306,1346307,1346308,1346309,1346310' [ RunTime:0.0442s ]
SQL: exec Jp_getjiesuanfujia '1346303,1346304,1346305,1346306,1346307,1346308,1346309,1346310' [ RunTime:0.0038s ]
INFO: [ view_parse ] --START--
INFO: [ template_filter ] --START--
INFO: Run Behavior\ContentReplaceBehavior [ RunTime:0.000050s ]
INFO: [ template_filter ] --END-- [ RunTime:0.000084s ]
INFO: Run Behavior\ParseTemplateBehavior [ RunTime:0.008836s ]
INFO: [ view_parse ] --END-- [ RunTime:0.008891s ]
INFO: [ view_filter ] --START--
INFO: Run Behavior\WriteHtmlCacheBehavior [ RunTime:0.001416s ]
INFO: [ view_filter ] --END-- [ RunTime:0.001449s ]
INFO: [ app_end ] --START--
INFO: Run Behavior\ShowPageTraceBehavior [ RunTime:0.001204s ]
INFO: [ app_end ] --END-- [ RunTime:0.001235s ]

[ 2018-03-11T23:53:50+08:00 ] 182.140.175.143 /index.php/Home/Basket/setbaseketqty?publishid=1346305&qty=94
INFO: [ app_init ] --START--
INFO: Run Behavior\BuildLiteBehavior [ RunTime:0.000010s ]
INFO: [ app_init ] --END-- [ RunTime:0.000377s ]
INFO: [ app_begin ] --START--
INFO: Run Behavior\ReadHtmlCacheBehavior [ RunTime:0.001091s ]
INFO: [ app_begin ] --END-- [ RunTime:0.001138s ]
SQL: exec Jp_setbasketqty 263097,1346305,94 [ RunTime:0.0085s ]
INFO: [ app_end ] --START--
INFO: Run Behavior\ShowPageTraceBehavior [ RunTime:0.001118s ]
INFO: [ app_end ] --END-- [ RunTime:0.001152s ]

[ 2018-03-11T23:53:50+08:00 ] 182.140.175.143 /index.php/Home/Basket/getbasketamountsum?sel_goods%5B%5D=1346303&sel_goods%5B%5D=1346304&sel_goods%5B%5D=1346305&sel_goods%5B%5D=1346306&sel_goods%5B%5D=1346307&sel_goods%5B%5D=1346308&sel_goods%5B%5D=1346309&sel_goods%5B%5D=1346310
INFO: [ app_init ] --START--
INFO: Run Behavior\BuildLiteBehavior [ RunTime:0.000009s ]
INFO: [ app_init ] --END-- [ RunTime:0.000256s ]
INFO: [ app_begin ] --START--
INFO: Run Behavior\ReadHtmlCacheBehavior [ RunTime:0.001262s ]
INFO: [ app_begin ] --END-- [ RunTime:0.001301s ]
SQL: exec Jp_getgoodsBasket_sum 263097,'1346303,1346304,1346305,1346306,1346307,1346308,1346309,1346310' [ RunTime:0.0045s ]
INFO: [ app_end ] --START--
INFO: Run Behavior\ShowPageTraceBehavior [ RunTime:0.001353s ]
INFO: [ app_end ] --END-- [ RunTime:0.001391s ]

[ 2018-03-11T23:53:51+08:00 ] 182.140.175.143 /index.php/Home/Checkout/loadorderfj?sel_goods=1346303%2C1346304%2C1346305%2C1346306%2C1346307%2C1346308%2C1346309%2C1346310&_=1520783599666
INFO: [ app_init ] --START--
INFO: Run Behavior\BuildLiteBehavior [ RunTime:0.000009s ]
INFO: [ app_init ] --END-- [ RunTime:0.000241s ]
INFO: [ app_begin ] --START--
INFO: Run Behavior\ReadHtmlCacheBehavior [ RunTime:0.001089s ]
INFO: [ app_begin ] --END-- [ RunTime:0.001129s ]
SQL: exec Jp_Autocalcbox '1346303,1346304,1346305,1346306,1346307,1346308,1346309,1346310' [ RunTime:0.0101s ]
SQL: exec Jp_getgoodsSPM 129661 [ RunTime:0.0489s ]
NOTIC: [8] Undefined variable: cxid D:\weixinpt\htdocs\App\Home\Controller\CheckoutController.class.php 第 396 行.
SQL: exec Jp_auto_spm_calc 263097,129661,'1346303,1346304,1346305,1346306,1346307,1346308,1346309,1346310' [ RunTime:0.0446s ]
SQL: exec Jp_getjiesuanfujia '1346303,1346304,1346305,1346306,1346307,1346308,1346309,1346310' [ RunTime:0.0040s ]
INFO: [ view_parse ] --START--
INFO: [ template_filter ] --START--
INFO: Run Behavior\ContentReplaceBehavior [ RunTime:0.000048s ]
INFO: [ template_filter ] --END-- [ RunTime:0.000082s ]
INFO: Run Behavior\ParseTemplateBehavior [ RunTime:0.007245s ]
INFO: [ view_parse ] --END-- [ RunTime:0.007297s ]
INFO: [ view_filter ] --START--
INFO: Run Behavior\WriteHtmlCacheBehavior [ RunTime:0.001072s ]
INFO: [ view_filter ] --END-- [ RunTime:0.001103s ]
INFO: [ app_end ] --START--
INFO: Run Behavior\ShowPageTraceBehavior [ RunTime:0.001050s ]
INFO: [ app_end ] --END-- [ RunTime:0.001079s ]

[ 2018-03-11T23:53:51+08:00 ] 182.140.175.143 /index.php/Home/Basket/setbaseketqty?publishid=1346305&qty=93
INFO: [ app_init ] --START--
INFO: Run Behavior\BuildLiteBehavior [ RunTime:0.000009s ]
INFO: [ app_init ] --END-- [ RunTime:0.000235s ]
INFO: [ app_begin ] --START--
INFO: Run Behavior\ReadHtmlCacheBehavior [ RunTime:0.001033s ]
INFO: [ app_begin ] --END-- [ RunTime:0.001081s ]
SQL: exec Jp_setbasketqty 263097,1346305,93 [ RunTime:0.0096s ]
INFO: [ app_end ] --START--
INFO: Run Behavior\ShowPageTraceBehavior [ RunTime:0.001146s ]
INFO: [ app_end ] --END-- [ RunTime:0.001184s ]

[ 2018-03-11T23:53:51+08:00 ] 182.140.175.143 /index.php/Home/Basket/getbasketamountsum?sel_goods%5B%5D=1346303&sel_goods%5B%5D=1346304&sel_goods%5B%5D=1346305&sel_goods%5B%5D=1346306&sel_goods%5B%5D=1346307&sel_goods%5B%5D=1346308&sel_goods%5B%5D=1346309&sel_goods%5B%5D=1346310
INFO: [ app_init ] --START--
INFO: Run Behavior\BuildLiteBehavior [ RunTime:0.000009s ]
INFO: [ app_init ] --END-- [ RunTime:0.000407s ]
INFO: [ app_begin ] --START--
INFO: Run Behavior\ReadHtmlCacheBehavior [ RunTime:0.001696s ]
INFO: [ app_begin ] --END-- [ RunTime:0.001736s ]
SQL: exec Jp_getgoodsBasket_sum 263097,'1346303,1346304,1346305,1346306,1346307,1346308,1346309,1346310' [ RunTime:0.0050s ]
INFO: [ app_end ] --START--
INFO: Run Behavior\ShowPageTraceBehavior [ RunTime:0.001146s ]
INFO: [ app_end ] --END-- [ RunTime:0.001186s ]

[ 2018-03-11T23:53:51+08:00 ] 182.140.175.143 /index.php/Home/Checkout/loadorderfj?sel_goods=1346303%2C1346304%2C1346305%2C1346306%2C1346307%2C1346308%2C1346309%2C1346310&_=1520783599667
INFO: [ app_init ] --START--
INFO: Run Behavior\BuildLiteBehavior [ RunTime:0.000009s ]
INFO: [ app_init ] --END-- [ RunTime:0.000299s ]
INFO: [ app_begin ] --START--
INFO: Run Behavior\ReadHtmlCacheBehavior [ RunTime:0.001362s ]
INFO: [ app_begin ] --END-- [ RunTime:0.001416s ]
SQL: exec Jp_Autocalcbox '1346303,1346304,1346305,1346306,1346307,1346308,1346309,1346310' [ RunTime:0.0101s ]
SQL: exec Jp_getgoodsSPM 129661 [ RunTime:0.0476s ]
NOTIC: [8] Undefined variable: cxid D:\weixinpt\htdocs\App\Home\Controller\CheckoutController.class.php 第 396 行.
SQL: exec Jp_auto_spm_calc 263097,129661,'1346303,1346304,1346305,1346306,1346307,1346308,1346309,1346310' [ RunTime:0.0445s ]
SQL: exec Jp_getjiesuanfujia '1346303,1346304,1346305,1346306,1346307,1346308,1346309,1346310' [ RunTime:0.0042s ]
INFO: [ view_parse ] --START--
INFO: [ template_filter ] --START--
INFO: Run Behavior\ContentReplaceBehavior [ RunTime:0.000049s ]
INFO: [ template_filter ] --END-- [ RunTime:0.000082s ]
INFO: Run Behavior\ParseTemplateBehavior [ RunTime:0.007253s ]
INFO: [ view_parse ] --END-- [ RunTime:0.007305s ]
INFO: [ view_filter ] --START--
INFO: Run Behavior\WriteHtmlCacheBehavior [ RunTime:0.001058s ]
INFO: [ view_filter ] --END-- [ RunTime:0.001085s ]
INFO: [ app_end ] --START--
INFO: Run Behavior\ShowPageTraceBehavior [ RunTime:0.001046s ]
INFO: [ app_end ] --END-- [ RunTime:0.001074s ]

[ 2018-03-11T23:53:57+08:00 ] 182.140.175.143 /index.php/Home/Basket/setbaseketqty?publishid=1346305&qty=92
INFO: [ app_init ] --START--
INFO: Run Behavior\BuildLiteBehavior [ RunTime:0.000009s ]
INFO: [ app_init ] --END-- [ RunTime:0.000247s ]
INFO: [ app_begin ] --START--
INFO: Run Behavior\ReadHtmlCacheBehavior [ RunTime:0.001080s ]
INFO: [ app_begin ] --END-- [ RunTime:0.001125s ]
SQL: exec Jp_setbasketqty 263097,1346305,92 [ RunTime:0.0066s ]
INFO: [ app_end ] --START--
INFO: Run Behavior\ShowPageTraceBehavior [ RunTime:0.001779s ]
INFO: [ app_end ] --END-- [ RunTime:0.001816s ]

[ 2018-03-11T23:53:57+08:00 ] 182.140.175.143 /index.php/Home/Basket/setbaseketqty?publishid=1346305&qty=91
INFO: [ app_init ] --START--
INFO: Run Behavior\BuildLiteBehavior [ RunTime:0.000010s ]
INFO: [ app_init ] --END-- [ RunTime:0.000253s ]
INFO: [ app_begin ] --START--
INFO: Run Behavior\ReadHtmlCacheBehavior [ RunTime:0.001121s ]
INFO: [ app_begin ] --END-- [ RunTime:0.001184s ]
SQL: exec Jp_setbasketqty 263097,1346305,91 [ RunTime:0.0056s ]
INFO: [ app_end ] --START--
INFO: Run Behavior\ShowPageTraceBehavior [ RunTime:0.001164s ]
INFO: [ app_end ] --END-- [ RunTime:0.001203s ]

[ 2018-03-11T23:53:57+08:00 ] 182.140.175.143 /index.php/Home/Basket/getbasketamountsum?sel_goods%5B%5D=1346303&sel_goods%5B%5D=1346304&sel_goods%5B%5D=1346305&sel_goods%5B%5D=1346306&sel_goods%5B%5D=1346307&sel_goods%5B%5D=1346308&sel_goods%5B%5D=1346309&sel_goods%5B%5D=1346310
INFO: [ app_init ] --START--
INFO: Run Behavior\BuildLiteBehavior [ RunTime:0.000010s ]
INFO: [ app_init ] --END-- [ RunTime:0.000276s ]
INFO: [ app_begin ] --START--
INFO: Run Behavior\ReadHtmlCacheBehavior [ RunTime:0.001447s ]
INFO: [ app_begin ] --END-- [ RunTime:0.001488s ]
SQL: exec Jp_getgoodsBasket_sum 263097,'1346303,1346304,1346305,1346306,1346307,1346308,1346309,1346310' [ RunTime:0.0050s ]
INFO: [ app_end ] --START--
INFO: Run Behavior\ShowPageTraceBehavior [ RunTime:0.001569s ]
INFO: [ app_end ] --END-- [ RunTime:0.001606s ]

[ 2018-03-11T23:53:57+08:00 ] 182.140.175.143 /index.php/Home/Checkout/loadorderfj?sel_goods=1346303%2C1346304%2C1346305%2C1346306%2C1346307%2C1346308%2C1346309%2C1346310&_=1520783599668
INFO: [ app_init ] --START--
INFO: Run Behavior\BuildLiteBehavior [ RunTime:0.000010s ]
INFO: [ app_init ] --END-- [ RunTime:0.000327s ]
INFO: [ app_begin ] --START--
INFO: Run Behavior\ReadHtmlCacheBehavior [ RunTime:0.001721s ]
INFO: [ app_begin ] --END-- [ RunTime:0.001761s ]
SQL: exec Jp_Autocalcbox '1346303,1346304,1346305,1346306,1346307,1346308,1346309,1346310' [ RunTime:0.0103s ]
SQL: exec Jp_getgoodsSPM 129661 [ RunTime:0.0484s ]
NOTIC: [8] Undefined variable: cxid D:\weixinpt\htdocs\App\Home\Controller\CheckoutController.class.php 第 396 行.
SQL: exec Jp_auto_spm_calc 263097,129661,'1346303,1346304,1346305,1346306,1346307,1346308,1346309,1346310' [ RunTime:0.0448s ]
SQL: exec Jp_getjiesuanfujia '1346303,1346304,1346305,1346306,1346307,1346308,1346309,1346310' [ RunTime:0.0039s ]
INFO: [ view_parse ] --START--
INFO: [ template_filter ] --START--
INFO: Run Behavior\ContentReplaceBehavior [ RunTime:0.000049s ]
INFO: [ template_filter ] --END-- [ RunTime:0.000085s ]
INFO: Run Behavior\ParseTemplateBehavior [ RunTime:0.007322s ]
INFO: [ view_parse ] --END-- [ RunTime:0.007376s ]
INFO: [ view_filter ] --START--
INFO: Run Behavior\WriteHtmlCacheBehavior [ RunTime:0.001063s ]
INFO: [ view_filter ] --END-- [ RunTime:0.001092s ]
INFO: [ app_end ] --START--
INFO: Run Behavior\ShowPageTraceBehavior [ RunTime:0.001120s ]
INFO: [ app_end ] --END-- [ RunTime:0.001149s ]

[ 2018-03-11T23:53:57+08:00 ] 182.140.175.143 /index.php/Home/Checkout/loadorderfj?sel_goods=1346303%2C1346304%2C1346305%2C1346306%2C1346307%2C1346308%2C1346309%2C1346310&_=1520783599669
INFO: [ app_init ] --START--
INFO: Run Behavior\BuildLiteBehavior [ RunTime:0.000010s ]
INFO: [ app_init ] --END-- [ RunTime:0.000255s ]
INFO: [ app_begin ] --START--
INFO: Run Behavior\ReadHtmlCacheBehavior [ RunTime:0.001579s ]
INFO: [ app_begin ] --END-- [ RunTime:0.001623s ]
SQL: exec Jp_Autocalcbox '1346303,1346304,1346305,1346306,1346307,1346308,1346309,1346310' [ RunTime:0.0113s ]
SQL: exec Jp_getgoodsSPM 129661 [ RunTime:0.0508s ]
NOTIC: [8] Undefined variable: cxid D:\weixinpt\htdocs\App\Home\Controller\CheckoutController.class.php 第 396 行.
SQL: exec Jp_auto_spm_calc 263097,129661,'1346303,1346304,1346305,1346306,1346307,1346308,1346309,1346310' [ RunTime:0.0453s ]
SQL: exec Jp_getjiesuanfujia '1346303,1346304,1346305,1346306,1346307,1346308,1346309,1346310' [ RunTime:0.0046s ]
INFO: [ view_parse ] --START--
INFO: [ template_filter ] --START--
INFO: Run Behavior\ContentReplaceBehavior [ RunTime:0.000048s ]
INFO: [ template_filter ] --END-- [ RunTime:0.000082s ]
INFO: Run Behavior\ParseTemplateBehavior [ RunTime:0.007028s ]
INFO: [ view_parse ] --END-- [ RunTime:0.007081s ]
INFO: [ view_filter ] --START--
INFO: Run Behavior\WriteHtmlCacheBehavior [ RunTime:0.001036s ]
INFO: [ view_filter ] --END-- [ RunTime:0.001065s ]
INFO: [ app_end ] --START--
INFO: Run Behavior\ShowPageTraceBehavior [ RunTime:0.001028s ]
INFO: [ app_end ] --END-- [ RunTime:0.001056s ]

[ 2018-03-11T23:53:57+08:00 ] 182.140.175.143 /index.php/Home/Basket/setbaseketqty?publishid=1346305&qty=90
INFO: [ app_init ] --START--
INFO: Run Behavior\BuildLiteBehavior [ RunTime:0.000009s ]
INFO: [ app_init ] --END-- [ RunTime:0.000233s ]
INFO: [ app_begin ] --START--
INFO: Run Behavior\ReadHtmlCacheBehavior [ RunTime:0.001037s ]
INFO: [ app_begin ] --END-- [ RunTime:0.001081s ]
SQL: exec Jp_setbasketqty 263097,1346305,90 [ RunTime:0.0089s ]
INFO: [ app_end ] --START--
INFO: Run Behavior\ShowPageTraceBehavior [ RunTime:0.001159s ]
INFO: [ app_end ] --END-- [ RunTime:0.001197s ]

[ 2018-03-11T23:53:57+08:00 ] 182.140.175.143 /index.php/Home/Basket/getbasketamountsum?sel_goods%5B%5D=1346303&sel_goods%5B%5D=1346304&sel_goods%5B%5D=1346305&sel_goods%5B%5D=1346306&sel_goods%5B%5D=1346307&sel_goods%5B%5D=1346308&sel_goods%5B%5D=1346309&sel_goods%5B%5D=1346310
INFO: [ app_init ] --START--
INFO: Run Behavior\BuildLiteBehavior [ RunTime:0.000009s ]
INFO: [ app_init ] --END-- [ RunTime:0.000248s ]
INFO: [ app_begin ] --START--
INFO: Run Behavior\ReadHtmlCacheBehavior [ RunTime:0.001023s ]
INFO: [ app_begin ] --END-- [ RunTime:0.001058s ]
SQL: exec Jp_getgoodsBasket_sum 263097,'1346303,1346304,1346305,1346306,1346307,1346308,1346309,1346310' [ RunTime:0.0049s ]
INFO: [ app_end ] --START--
INFO: Run Behavior\ShowPageTraceBehavior [ RunTime:0.001173s ]
INFO: [ app_end ] --END-- [ RunTime:0.001214s ]

[ 2018-03-11T23:53:57+08:00 ] 182.140.175.143 /index.php/Home/Basket/setbaseketqty?publishid=1346305&qty=89
INFO: [ app_init ] --START--
INFO: Run Behavior\BuildLiteBehavior [ RunTime:0.000009s ]
INFO: [ app_init ] --END-- [ RunTime:0.000239s ]
INFO: [ app_begin ] --START--
INFO: Run Behavior\ReadHtmlCacheBehavior [ RunTime:0.001028s ]
INFO: [ app_begin ] --END-- [ RunTime:0.001071s ]
SQL: exec Jp_setbasketqty 263097,1346305,89 [ RunTime:0.0107s ]
INFO: [ app_end ] --START--
INFO: Run Behavior\ShowPageTraceBehavior [ RunTime:0.002479s ]
INFO: [ app_end ] --END-- [ RunTime:0.002517s ]

[ 2018-03-11T23:53:57+08:00 ] 182.140.175.143 /index.php/Home/Basket/getbasketamountsum?sel_goods%5B%5D=1346303&sel_goods%5B%5D=1346304&sel_goods%5B%5D=1346305&sel_goods%5B%5D=1346306&sel_goods%5B%5D=1346307&sel_goods%5B%5D=1346308&sel_goods%5B%5D=1346309&sel_goods%5B%5D=1346310
INFO: [ app_init ] --START--
INFO: Run Behavior\BuildLiteBehavior [ RunTime:0.000010s ]
INFO: [ app_init ] --END-- [ RunTime:0.000277s ]
INFO: [ app_begin ] --START--
INFO: Run Behavior\ReadHtmlCacheBehavior [ RunTime:0.001455s ]
INFO: [ app_begin ] --END-- [ RunTime:0.001499s ]
SQL: exec Jp_getgoodsBasket_sum 263097,'1346303,1346304,1346305,1346306,1346307,1346308,1346309,1346310' [ RunTime:0.0050s ]
INFO: [ app_end ] --START--
INFO: Run Behavior\ShowPageTraceBehavior [ RunTime:0.001180s ]
INFO: [ app_end ] --END-- [ RunTime:0.001218s ]

[ 2018-03-11T23:53:58+08:00 ] 182.140.175.143 /index.php/Home/Checkout/loadorderfj?sel_goods=1346303%2C1346304%2C1346305%2C1346306%2C1346307%2C1346308%2C1346309%2C1346310&_=1520783599670
INFO: [ app_init ] --START--
INFO: Run Behavior\BuildLiteBehavior [ RunTime:0.000024s ]
INFO: [ app_init ] --END-- [ RunTime:0.000492s ]
INFO: [ app_begin ] --START--
INFO: Run Behavior\ReadHtmlCacheBehavior [ RunTime:0.001348s ]
INFO: [ app_begin ] --END-- [ RunTime:0.001389s ]
SQL: exec Jp_Autocalcbox '1346303,1346304,1346305,1346306,1346307,1346308,1346309,1346310' [ RunTime:0.0105s ]
SQL: exec Jp_getgoodsSPM 129661 [ RunTime:0.0497s ]
NOTIC: [8] Undefined variable: cxid D:\weixinpt\htdocs\App\Home\Controller\CheckoutController.class.php 第 396 行.
SQL: exec Jp_auto_spm_calc 263097,129661,'1346303,1346304,1346305,1346306,1346307,1346308,1346309,1346310' [ RunTime:0.0442s ]
SQL: exec Jp_getjiesuanfujia '1346303,1346304,1346305,1346306,1346307,1346308,1346309,1346310' [ RunTime:0.0042s ]
INFO: [ view_parse ] --START--
INFO: [ template_filter ] --START--
INFO: Run Behavior\ContentReplaceBehavior [ RunTime:0.000049s ]
INFO: [ template_filter ] --END-- [ RunTime:0.000082s ]
INFO: Run Behavior\ParseTemplateBehavior [ RunTime:0.007034s ]
INFO: [ view_parse ] --END-- [ RunTime:0.007087s ]
INFO: [ view_filter ] --START--
INFO: Run Behavior\WriteHtmlCacheBehavior [ RunTime:0.001038s ]
INFO: [ view_filter ] --END-- [ RunTime:0.001066s ]
INFO: [ app_end ] --START--
INFO: Run Behavior\ShowPageTraceBehavior [ RunTime:0.001143s ]
INFO: [ app_end ] --END-- [ RunTime:0.001171s ]

[ 2018-03-11T23:53:58+08:00 ] 182.140.175.143 /index.php/Home/Basket/getbasketamountsum?sel_goods%5B%5D=1346303&sel_goods%5B%5D=1346304&sel_goods%5B%5D=1346305&sel_goods%5B%5D=1346306&sel_goods%5B%5D=1346307&sel_goods%5B%5D=1346308&sel_goods%5B%5D=1346309&sel_goods%5B%5D=1346310
INFO: [ app_init ] --START--
INFO: Run Behavior\BuildLiteBehavior [ RunTime:0.000009s ]
INFO: [ app_init ] --END-- [ RunTime:0.000290s ]
INFO: [ app_begin ] --START--
INFO: Run Behavior\ReadHtmlCacheBehavior [ RunTime:0.001166s ]
INFO: [ app_begin ] --END-- [ RunTime:0.001205s ]
SQL: exec Jp_getgoodsBasket_sum 263097,'1346303,1346304,1346305,1346306,1346307,1346308,1346309,1346310' [ RunTime:0.0047s ]
INFO: [ app_end ] --START--
INFO: Run Behavior\ShowPageTraceBehavior [ RunTime:0.001153s ]
INFO: [ app_end ] --END-- [ RunTime:0.001192s ]

[ 2018-03-11T23:53:58+08:00 ] 182.140.175.143 /index.php/Home/Checkout/loadorderfj?sel_goods=1346303%2C1346304%2C1346305%2C1346306%2C1346307%2C1346308%2C1346309%2C1346310&_=1520783599671
INFO: [ app_init ] --START--
INFO: Run Behavior\BuildLiteBehavior [ RunTime:0.000008s ]
INFO: [ app_init ] --END-- [ RunTime:0.000270s ]
INFO: [ app_begin ] --START--
INFO: Run Behavior\ReadHtmlCacheBehavior [ RunTime:0.001056s ]
INFO: [ app_begin ] --END-- [ RunTime:0.001092s ]
SQL: exec Jp_Autocalcbox '1346303,1346304,1346305,1346306,1346307,1346308,1346309,1346310' [ RunTime:0.0117s ]
SQL: exec Jp_getgoodsSPM 129661 [ RunTime:0.0508s ]
NOTIC: [8] Undefined variable: cxid D:\weixinpt\htdocs\App\Home\Controller\CheckoutController.class.php 第 396 行.
SQL: exec Jp_auto_spm_calc 263097,129661,'1346303,1346304,1346305,1346306,1346307,1346308,1346309,1346310' [ RunTime:0.0451s ]
SQL: exec Jp_getjiesuanfujia '1346303,1346304,1346305,1346306,1346307,1346308,1346309,1346310' [ RunTime:0.0044s ]
INFO: [ view_parse ] --START--
INFO: [ template_filter ] --START--
INFO: Run Behavior\ContentReplaceBehavior [ RunTime:0.000049s ]
INFO: [ template_filter ] --END-- [ RunTime:0.000082s ]
INFO: Run Behavior\ParseTemplateBehavior [ RunTime:0.007037s ]
INFO: [ view_parse ] --END-- [ RunTime:0.007091s ]
INFO: [ view_filter ] --START--
INFO: Run Behavior\WriteHtmlCacheBehavior [ RunTime:0.001079s ]
INFO: [ view_filter ] --END-- [ RunTime:0.001108s ]
INFO: [ app_end ] --START--
INFO: Run Behavior\ShowPageTraceBehavior [ RunTime:0.001032s ]
INFO: [ app_end ] --END-- [ RunTime:0.001061s ]

[ 2018-03-11T23:54:02+08:00 ] 182.140.175.143 /index.php/Home/Basket/setbaseketqty?publishid=1346305&qty=88
INFO: [ app_init ] --START--
INFO: Run Behavior\BuildLiteBehavior [ RunTime:0.000009s ]
INFO: [ app_init ] --END-- [ RunTime:0.000237s ]
INFO: [ app_begin ] --START--
INFO: Run Behavior\ReadHtmlCacheBehavior [ RunTime:0.001034s ]
INFO: [ app_begin ] --END-- [ RunTime:0.001082s ]
SQL: exec Jp_setbasketqty 263097,1346305,88 [ RunTime:0.0131s ]
INFO: [ app_end ] --START--
INFO: Run Behavior\ShowPageTraceBehavior [ RunTime:0.001148s ]
INFO: [ app_end ] --END-- [ RunTime:0.001185s ]

[ 2018-03-11T23:54:03+08:00 ] 182.140.175.143 /index.php/Home/Basket/getbasketamountsum?sel_goods%5B%5D=1346303&sel_goods%5B%5D=1346304&sel_goods%5B%5D=1346305&sel_goods%5B%5D=1346306&sel_goods%5B%5D=1346307&sel_goods%5B%5D=1346308&sel_goods%5B%5D=1346309&sel_goods%5B%5D=1346310
INFO: [ app_init ] --START--
INFO: Run Behavior\BuildLiteBehavior [ RunTime:0.000009s ]
INFO: [ app_init ] --END-- [ RunTime:0.000280s ]
INFO: [ app_begin ] --START--
INFO: Run Behavior\ReadHtmlCacheBehavior [ RunTime:0.001167s ]
INFO: [ app_begin ] --END-- [ RunTime:0.001206s ]
SQL: exec Jp_getgoodsBasket_sum 263097,'1346303,1346304,1346305,1346306,1346307,1346308,1346309,1346310' [ RunTime:0.0054s ]
INFO: [ app_end ] --START--
INFO: Run Behavior\ShowPageTraceBehavior [ RunTime:0.001169s ]
INFO: [ app_end ] --END-- [ RunTime:0.001210s ]

[ 2018-03-11T23:54:03+08:00 ] 182.140.175.143 /index.php/Home/Checkout/loadorderfj?sel_goods=1346303%2C1346304%2C1346305%2C1346306%2C1346307%2C1346308%2C1346309%2C1346310&_=1520783599672
INFO: [ app_init ] --START--
INFO: Run Behavior\BuildLiteBehavior [ RunTime:0.000009s ]
INFO: [ app_init ] --END-- [ RunTime:0.000409s ]
INFO: [ app_begin ] --START--
INFO: Run Behavior\ReadHtmlCacheBehavior [ RunTime:0.001057s ]
INFO: [ app_begin ] --END-- [ RunTime:0.001095s ]
SQL: exec Jp_Autocalcbox '1346303,1346304,1346305,1346306,1346307,1346308,1346309,1346310' [ RunTime:0.0115s ]
SQL: exec Jp_getgoodsSPM 129661 [ RunTime:0.0482s ]
NOTIC: [8] Undefined variable: cxid D:\weixinpt\htdocs\App\Home\Controller\CheckoutController.class.php 第 396 行.
SQL: exec Jp_auto_spm_calc 263097,129661,'1346303,1346304,1346305,1346306,1346307,1346308,1346309,1346310' [ RunTime:0.0443s ]
SQL: exec Jp_getjiesuanfujia '1346303,1346304,1346305,1346306,1346307,1346308,1346309,1346310' [ RunTime:0.0044s ]
INFO: [ view_parse ] --START--
INFO: [ template_filter ] --START--
INFO: Run Behavior\ContentReplaceBehavior [ RunTime:0.000049s ]
INFO: [ template_filter ] --END-- [ RunTime:0.000082s ]
INFO: Run Behavior\ParseTemplateBehavior [ RunTime:0.007024s ]
INFO: [ view_parse ] --END-- [ RunTime:0.007077s ]
INFO: [ view_filter ] --START--
INFO: Run Behavior\WriteHtmlCacheBehavior [ RunTime:0.001128s ]
INFO: [ view_filter ] --END-- [ RunTime:0.001157s ]
INFO: [ app_end ] --START--
INFO: Run Behavior\ShowPageTraceBehavior [ RunTime:0.001031s ]
INFO: [ app_end ] --END-- [ RunTime:0.001060s ]

[ 2018-03-11T23:54:03+08:00 ] 182.140.175.143 /index.php/Home/Basket/setbaseketqty?publishid=1346305&qty=87
INFO: [ app_init ] --START--
INFO: Run Behavior\BuildLiteBehavior [ RunTime:0.000008s ]
INFO: [ app_init ] --END-- [ RunTime:0.000236s ]
INFO: [ app_begin ] --START--
INFO: Run Behavior\ReadHtmlCacheBehavior [ RunTime:0.001029s ]
INFO: [ app_begin ] --END-- [ RunTime:0.001073s ]
SQL: exec Jp_setbasketqty 263097,1346305,87 [ RunTime:0.0132s ]
INFO: [ app_end ] --START--
INFO: Run Behavior\ShowPageTraceBehavior [ RunTime:0.001147s ]
INFO: [ app_end ] --END-- [ RunTime:0.001185s ]

[ 2018-03-11T23:54:03+08:00 ] 182.140.175.143 /index.php/Home/Basket/getbasketamountsum?sel_goods%5B%5D=1346303&sel_goods%5B%5D=1346304&sel_goods%5B%5D=1346305&sel_goods%5B%5D=1346306&sel_goods%5B%5D=1346307&sel_goods%5B%5D=1346308&sel_goods%5B%5D=1346309&sel_goods%5B%5D=1346310
INFO: [ app_init ] --START--
INFO: Run Behavior\BuildLiteBehavior [ RunTime:0.000009s ]
INFO: [ app_init ] --END-- [ RunTime:0.000288s ]
INFO: [ app_begin ] --START--
INFO: Run Behavior\ReadHtmlCacheBehavior [ RunTime:0.001237s ]
INFO: [ app_begin ] --END-- [ RunTime:0.001276s ]
SQL: exec Jp_getgoodsBasket_sum 263097,'1346303,1346304,1346305,1346306,1346307,1346308,1346309,1346310' [ RunTime:0.0048s ]
INFO: [ app_end ] --START--
INFO: Run Behavior\ShowPageTraceBehavior [ RunTime:0.001225s ]
INFO: [ app_end ] --END-- [ RunTime:0.001260s ]

[ 2018-03-11T23:54:03+08:00 ] 182.140.175.143 /index.php/Home/Checkout/loadorderfj?sel_goods=1346303%2C1346304%2C1346305%2C1346306%2C1346307%2C1346308%2C1346309%2C1346310&_=1520783599673
INFO: [ app_init ] --START--
INFO: Run Behavior\BuildLiteBehavior [ RunTime:0.000009s ]
INFO: [ app_init ] --END-- [ RunTime:0.000243s ]
INFO: [ app_begin ] --START--
INFO: Run Behavior\ReadHtmlCacheBehavior [ RunTime:0.001172s ]
INFO: [ app_begin ] --END-- [ RunTime:0.001210s ]
SQL: exec Jp_Autocalcbox '1346303,1346304,1346305,1346306,1346307,1346308,1346309,1346310' [ RunTime:0.0106s ]
SQL: exec Jp_getgoodsSPM 129661 [ RunTime:0.0490s ]
NOTIC: [8] Undefined variable: cxid D:\weixinpt\htdocs\App\Home\Controller\CheckoutController.class.php 第 396 行.
SQL: exec Jp_auto_spm_calc 263097,129661,'1346303,1346304,1346305,1346306,1346307,1346308,1346309,1346310' [ RunTime:0.0446s ]
SQL: exec Jp_getjiesuanfujia '1346303,1346304,1346305,1346306,1346307,1346308,1346309,1346310' [ RunTime:0.0044s ]
INFO: [ view_parse ] --START--
INFO: [ template_filter ] --START--
INFO: Run Behavior\ContentReplaceBehavior [ RunTime:0.000049s ]
INFO: [ template_filter ] --END-- [ RunTime:0.000082s ]
INFO: Run Behavior\ParseTemplateBehavior [ RunTime:0.007179s ]
INFO: [ view_parse ] --END-- [ RunTime:0.007232s ]
INFO: [ view_filter ] --START--
INFO: Run Behavior\WriteHtmlCacheBehavior [ RunTime:0.001046s ]
INFO: [ view_filter ] --END-- [ RunTime:0.001075s ]
INFO: [ app_end ] --START--
INFO: Run Behavior\ShowPageTraceBehavior [ RunTime:0.001029s ]
INFO: [ app_end ] --END-- [ RunTime:0.001058s ]

[ 2018-03-11T23:54:03+08:00 ] 182.140.175.143 /index.php/Home/Basket/setbaseketqty?publishid=1346305&qty=86
INFO: [ app_init ] --START--
INFO: Run Behavior\BuildLiteBehavior [ RunTime:0.000008s ]
INFO: [ app_init ] --END-- [ RunTime:0.000235s ]
INFO: [ app_begin ] --START--
INFO: Run Behavior\ReadHtmlCacheBehavior [ RunTime:0.001035s ]
INFO: [ app_begin ] --END-- [ RunTime:0.001082s ]
SQL: exec Jp_setbasketqty 263097,1346305,86 [ RunTime:0.0120s ]
INFO: [ app_end ] --START--
INFO: Run Behavior\ShowPageTraceBehavior [ RunTime:0.001274s ]
INFO: [ app_end ] --END-- [ RunTime:0.001317s ]

[ 2018-03-11T23:54:04+08:00 ] 182.140.175.143 /index.php/Home/Checkout/loadorderfj?sel_goods=1346303%2C1346304%2C1346305%2C1346306%2C1346307%2C1346308%2C1346309%2C1346310&_=1520783599674
INFO: [ app_init ] --START--
INFO: Run Behavior\BuildLiteBehavior [ RunTime:0.000009s ]
INFO: [ app_init ] --END-- [ RunTime:0.000275s ]
INFO: [ app_begin ] --START--
INFO: Run Behavior\ReadHtmlCacheBehavior [ RunTime:0.001475s ]
INFO: [ app_begin ] --END-- [ RunTime:0.001516s ]
SQL: exec Jp_Autocalcbox '1346303,1346304,1346305,1346306,1346307,1346308,1346309,1346310' [ RunTime:0.0110s ]
SQL: exec Jp_getgoodsSPM 129661 [ RunTime:0.0505s ]
NOTIC: [8] Undefined variable: cxid D:\weixinpt\htdocs\App\Home\Controller\CheckoutController.class.php 第 396 行.
SQL: exec Jp_auto_spm_calc 263097,129661,'1346303,1346304,1346305,1346306,1346307,1346308,1346309,1346310' [ RunTime:0.0448s ]
SQL: exec Jp_getjiesuanfujia '1346303,1346304,1346305,1346306,1346307,1346308,1346309,1346310' [ RunTime:0.0044s ]
INFO: [ view_parse ] --START--
INFO: [ template_filter ] --START--
INFO: Run Behavior\ContentReplaceBehavior [ RunTime:0.000048s ]
INFO: [ template_filter ] --END-- [ RunTime:0.000081s ]
INFO: Run Behavior\ParseTemplateBehavior [ RunTime:0.007138s ]
INFO: [ view_parse ] --END-- [ RunTime:0.007189s ]
INFO: [ view_filter ] --START--
INFO: Run Behavior\WriteHtmlCacheBehavior [ RunTime:0.001042s ]
INFO: [ view_filter ] --END-- [ RunTime:0.001070s ]
INFO: [ app_end ] --START--
INFO: Run Behavior\ShowPageTraceBehavior [ RunTime:0.001034s ]
INFO: [ app_end ] --END-- [ RunTime:0.001063s ]

[ 2018-03-11T23:54:04+08:00 ] 182.140.175.143 /index.php/Home/Basket/getbasketamountsum?sel_goods%5B%5D=1346303&sel_goods%5B%5D=1346304&sel_goods%5B%5D=1346305&sel_goods%5B%5D=1346306&sel_goods%5B%5D=1346307&sel_goods%5B%5D=1346308&sel_goods%5B%5D=1346309&sel_goods%5B%5D=1346310
INFO: [ app_init ] --START--
INFO: Run Behavior\BuildLiteBehavior [ RunTime:0.000009s ]
INFO: [ app_init ] --END-- [ RunTime:0.000278s ]
INFO: [ app_begin ] --START--
INFO: Run Behavior\ReadHtmlCacheBehavior [ RunTime:0.001541s ]
INFO: [ app_begin ] --END-- [ RunTime:0.001581s ]
SQL: exec Jp_getgoodsBasket_sum 263097,'1346303,1346304,1346305,1346306,1346307,1346308,1346309,1346310' [ RunTime:0.0051s ]
INFO: [ app_end ] --START--
INFO: Run Behavior\ShowPageTraceBehavior [ RunTime:0.001152s ]
INFO: [ app_end ] --END-- [ RunTime:0.001192s ]

[ 2018-03-11T23:54:10+08:00 ] 182.140.175.143 /index.php/Home/Basket/setbaseketqty?publishid=1346305&qty=87
INFO: [ app_init ] --START--
INFO: Run Behavior\BuildLiteBehavior [ RunTime:0.000009s ]
INFO: [ app_init ] --END-- [ RunTime:0.000240s ]
INFO: [ app_begin ] --START--
INFO: Run Behavior\ReadHtmlCacheBehavior [ RunTime:0.001036s ]
INFO: [ app_begin ] --END-- [ RunTime:0.001080s ]
SQL: exec Jp_setbasketqty 263097,1346305,87 [ RunTime:0.0129s ]
INFO: [ app_end ] --START--
INFO: Run Behavior\ShowPageTraceBehavior [ RunTime:0.001184s ]
INFO: [ app_end ] --END-- [ RunTime:0.001221s ]

[ 2018-03-11T23:54:11+08:00 ] 182.140.175.143 /index.php/Home/Checkout/loadorderfj?sel_goods=1346303%2C1346304%2C1346305%2C1346306%2C1346307%2C1346308%2C1346309%2C1346310&_=1520783599675
INFO: [ app_init ] --START--
INFO: Run Behavior\BuildLiteBehavior [ RunTime:0.000008s ]
INFO: [ app_init ] --END-- [ RunTime:0.000246s ]
INFO: [ app_begin ] --START--
INFO: Run Behavior\ReadHtmlCacheBehavior [ RunTime:0.001030s ]
INFO: [ app_begin ] --END-- [ RunTime:0.001065s ]
SQL: exec Jp_Autocalcbox '1346303,1346304,1346305,1346306,1346307,1346308,1346309,1346310' [ RunTime:0.0113s ]
SQL: exec Jp_getgoodsSPM 129661 [ RunTime:0.0487s ]
NOTIC: [8] Undefined variable: cxid D:\weixinpt\htdocs\App\Home\Controller\CheckoutController.class.php 第 396 行.
SQL: exec Jp_auto_spm_calc 263097,129661,'1346303,1346304,1346305,1346306,1346307,1346308,1346309,1346310' [ RunTime:0.0446s ]
SQL: exec Jp_getjiesuanfujia '1346303,1346304,1346305,1346306,1346307,1346308,1346309,1346310' [ RunTime:0.0043s ]
INFO: [ view_parse ] --START--
INFO: [ template_filter ] --START--
INFO: Run Behavior\ContentReplaceBehavior [ RunTime:0.000048s ]
INFO: [ template_filter ] --END-- [ RunTime:0.000082s ]
INFO: Run Behavior\ParseTemplateBehavior [ RunTime:0.007062s ]
INFO: [ view_parse ] --END-- [ RunTime:0.007113s ]
INFO: [ view_filter ] --START--
INFO: Run Behavior\WriteHtmlCacheBehavior [ RunTime:0.001037s ]
INFO: [ view_filter ] --END-- [ RunTime:0.001066s ]
INFO: [ app_end ] --START--
INFO: Run Behavior\ShowPageTraceBehavior [ RunTime:0.001023s ]
INFO: [ app_end ] --END-- [ RunTime:0.001050s ]

[ 2018-03-11T23:54:11+08:00 ] 182.140.175.143 /index.php/Home/Basket/getbasketamountsum?sel_goods%5B%5D=1346303&sel_goods%5B%5D=1346304&sel_goods%5B%5D=1346305&sel_goods%5B%5D=1346306&sel_goods%5B%5D=1346307&sel_goods%5B%5D=1346308&sel_goods%5B%5D=1346309&sel_goods%5B%5D=1346310
INFO: [ app_init ] --START--
INFO: Run Behavior\BuildLiteBehavior [ RunTime:0.000008s ]
INFO: [ app_init ] --END-- [ RunTime:0.000251s ]
INFO: [ app_begin ] --START--
INFO: Run Behavior\ReadHtmlCacheBehavior [ RunTime:0.001060s ]
INFO: [ app_begin ] --END-- [ RunTime:0.001094s ]
SQL: exec Jp_getgoodsBasket_sum 263097,'1346303,1346304,1346305,1346306,1346307,1346308,1346309,1346310' [ RunTime:0.0048s ]
INFO: [ app_end ] --START--
INFO: Run Behavior\ShowPageTraceBehavior [ RunTime:0.001168s ]
INFO: [ app_end ] --END-- [ RunTime:0.001207s ]

[ 2018-03-11T23:54:16+08:00 ] 182.140.175.143 /index.php/Home/Basket/setbaseketqty?publishid=1346305&qty=86
INFO: [ app_init ] --START--
INFO: Run Behavior\BuildLiteBehavior [ RunTime:0.000009s ]
INFO: [ app_init ] --END-- [ RunTime:0.000245s ]
INFO: [ app_begin ] --START--
INFO: Run Behavior\ReadHtmlCacheBehavior [ RunTime:0.001056s ]
INFO: [ app_begin ] --END-- [ RunTime:0.001099s ]
SQL: exec Jp_setbasketqty 263097,1346305,86 [ RunTime:0.0127s ]
INFO: [ app_end ] --START--
INFO: Run Behavior\ShowPageTraceBehavior [ RunTime:0.001170s ]
INFO: [ app_end ] --END-- [ RunTime:0.001208s ]

[ 2018-03-11T23:54:16+08:00 ] 182.140.175.143 /index.php/Home/Basket/getbasketamountsum?sel_goods%5B%5D=1346303&sel_goods%5B%5D=1346304&sel_goods%5B%5D=1346305&sel_goods%5B%5D=1346306&sel_goods%5B%5D=1346307&sel_goods%5B%5D=1346308&sel_goods%5B%5D=1346309&sel_goods%5B%5D=1346310
INFO: [ app_init ] --START--
INFO: Run Behavior\BuildLiteBehavior [ RunTime:0.000009s ]
INFO: [ app_init ] --END-- [ RunTime:0.000280s ]
INFO: [ app_begin ] --START--
INFO: Run Behavior\ReadHtmlCacheBehavior [ RunTime:0.001365s ]
INFO: [ app_begin ] --END-- [ RunTime:0.001407s ]
SQL: exec Jp_getgoodsBasket_sum 263097,'1346303,1346304,1346305,1346306,1346307,1346308,1346309,1346310' [ RunTime:0.0056s ]
INFO: [ app_end ] --START--
INFO: Run Behavior\ShowPageTraceBehavior [ RunTime:0.001166s ]
INFO: [ app_end ] --END-- [ RunTime:0.001206s ]

[ 2018-03-11T23:54:16+08:00 ] 182.140.175.143 /index.php/Home/Checkout/loadorderfj?sel_goods=1346303%2C1346304%2C1346305%2C1346306%2C1346307%2C1346308%2C1346309%2C1346310&_=1520783599676
INFO: [ app_init ] --START--
INFO: Run Behavior\BuildLiteBehavior [ RunTime:0.000009s ]
INFO: [ app_init ] --END-- [ RunTime:0.000281s ]
INFO: [ app_begin ] --START--
INFO: Run Behavior\ReadHtmlCacheBehavior [ RunTime:0.001128s ]
INFO: [ app_begin ] --END-- [ RunTime:0.001166s ]
SQL: exec Jp_Autocalcbox '1346303,1346304,1346305,1346306,1346307,1346308,1346309,1346310' [ RunTime:0.0116s ]
SQL: exec Jp_getgoodsSPM 129661 [ RunTime:0.0503s ]
NOTIC: [8] Undefined variable: cxid D:\weixinpt\htdocs\App\Home\Controller\CheckoutController.class.php 第 396 行.
SQL: exec Jp_auto_spm_calc 263097,129661,'1346303,1346304,1346305,1346306,1346307,1346308,1346309,1346310' [ RunTime:0.0500s ]
SQL: exec Jp_getjiesuanfujia '1346303,1346304,1346305,1346306,1346307,1346308,1346309,1346310' [ RunTime:0.0066s ]
INFO: [ view_parse ] --START--
INFO: [ template_filter ] --START--
INFO: Run Behavior\ContentReplaceBehavior [ RunTime:0.000049s ]
INFO: [ template_filter ] --END-- [ RunTime:0.000083s ]
INFO: Run Behavior\ParseTemplateBehavior [ RunTime:0.007037s ]
INFO: [ view_parse ] --END-- [ RunTime:0.007090s ]
INFO: [ view_filter ] --START--
INFO: Run Behavior\WriteHtmlCacheBehavior [ RunTime:0.001044s ]
INFO: [ view_filter ] --END-- [ RunTime:0.001072s ]
INFO: [ app_end ] --START--
INFO: Run Behavior\ShowPageTraceBehavior [ RunTime:0.001032s ]
INFO: [ app_end ] --END-- [ RunTime:0.001061s ]

[ 2018-03-11T23:54:22+08:00 ] 182.140.175.143 /index.php/Home/Basket/getbeforeamountsum?amountsum=539.9&fhrq=2018-03-12
INFO: [ app_init ] --START--
INFO: Run Behavior\BuildLiteBehavior [ RunTime:0.000008s ]
INFO: [ app_init ] --END-- [ RunTime:0.000236s ]
INFO: [ app_begin ] --START--
INFO: Run Behavior\ReadHtmlCacheBehavior [ RunTime:0.001043s ]
INFO: [ app_begin ] --END-- [ RunTime:0.001090s ]
SQL: exec Jp_getbeforeamountsum '129661','539.9', '2018-03-12' [ RunTime:0.0610s ]
INFO: [ app_end ] --START--
INFO: Run Behavior\ShowPageTraceBehavior [ RunTime:0.001147s ]
INFO: [ app_end ] --END-- [ RunTime:0.001188s ]

[ 2018-03-11T23:54:24+08:00 ] 182.140.175.143 /index.php/Home/Checkout/saveOrder
INFO: [ app_init ] --START--
INFO: Run Behavior\BuildLiteBehavior [ RunTime:0.000009s ]
INFO: [ app_init ] --END-- [ RunTime:0.000247s ]
INFO: [ app_begin ] --START--
INFO: Run Behavior\ReadHtmlCacheBehavior [ RunTime:0.001024s ]
INFO: [ app_begin ] --END-- [ RunTime:0.001060s ]
NOTIC: [8] Undefined index: upfile D:\weixinpt\htdocs\App\Home\Controller\CheckoutController.class.php 第 177 行.
SQL: exec Jp_getcust_order_3_check 129661 [ RunTime:0.0659s ]
SQL: exec Jp_savebefore_kcchk '1346303,1346304,1346305,1346306,1346307,1346308,1346309,1346310' [ RunTime:0.0030s ]
SQL: select fzfpwd from t_cp_userprofile where fuserid=263097 and fzfpwd='MTExMTEx' [ RunTime:0.0019s ]
SQL: select top 1 F_PAEZ_BASE,F_PAEZ_BASE1 from T_BD_CUSTOMER where F_PAEZ_BASE=fshy2 and fcustid=129661 [ RunTime:0.0015s ]
NOTIC: [8] Undefined variable: shyid D:\weixinpt\htdocs\App\Home\Controller\CheckoutController.class.php 第 262 行.
SQL: SELECT   column_name,   data_type,   column_default,   is_nullable
        FROM    information_schema.tables AS t
        JOIN    information_schema.columns AS c
        ON  t.table_catalog = c.table_catalog
        AND t.table_schema  = c.table_schema
        AND t.table_name    = c.table_name
        WHERE   t.table_name = 't_bd_customer' [ RunTime:0.0045s ]
SQL: SELECT T1.* FROM (SELECT thinkphp.*, ROW_NUMBER() OVER ( ORDER BY rand()) AS ROW_NUMBER FROM (SELECT  [fnumber] FROM [t_bd_customer] WHERE ( fcustid=129661 ) ) AS thinkphp) AS T1 WHERE (T1.ROW_NUMBER BETWEEN 1 AND 1) [ RunTime:0.0017s ]
SQL: SELECT   column_name,   data_type,   column_default,   is_nullable
        FROM    information_schema.tables AS t
        JOIN    information_schema.columns AS c
        ON  t.table_catalog = c.table_catalog
        AND t.table_schema  = c.table_schema
        AND t.table_name    = c.table_name
        WHERE   t.table_name = 'v_bd_salesman' [ RunTime:0.0023s ]
SQL: SELECT T1.* FROM (SELECT thinkphp.*, ROW_NUMBER() OVER ( ORDER BY rand()) AS ROW_NUMBER FROM (SELECT  v_bd_salesman.fnumber FROM [v_bd_salesman] INNER JOIN t_bd_customer on v_bd_salesman.fid=t_bd_customer.fseller  WHERE ( t_bd_customer.fcustid=129661  ) ) AS thinkphp) AS T1 WHERE (T1.ROW_NUMBER BETWEEN 1 AND 1) [ RunTime:0.0019s ]
SQL: exec Jp_update_SalOrder 624331,263097,0,129661,0 [ RunTime:0.0774s ]
SQL: exec Jp_postOrder 624331,'2018-03-12 23:53:00',129661,263097,0,'','1346303,1346304,1346305,1346306,1346307,1346308,1346309,1346310',0 [ RunTime:0.5094s ]
SQL: exec Jp_setorderjsrecord 624331,0,0.00,1,539.90,0 [ RunTime:0.0512s ]
INFO: [ app_end ] --START--
INFO: Run Behavior\ShowPageTraceBehavior [ RunTime:0.001157s ]
INFO: [ app_end ] --END-- [ RunTime:0.001192s ]

[ 2018-03-11T23:54:25+08:00 ] 182.140.175.143 /index.php/Home/Index/sendweixinmess?fid=624331&content=%E8%AE%A2%E5%8D%95%E6%9D%A5%E4%BA%86%EF%BC%81
INFO: [ app_init ] --START--
INFO: Run Behavior\BuildLiteBehavior [ RunTime:0.000009s ]
INFO: [ app_init ] --END-- [ RunTime:0.000241s ]
INFO: [ app_begin ] --START--
INFO: Run Behavior\ReadHtmlCacheBehavior [ RunTime:0.001141s ]
INFO: [ app_begin ] --END-- [ RunTime:0.001197s ]
SQL: exec Jp_getorder_songhuoyuan 624331 [ RunTime:0.1634s ]
NOTIC: [2] http_build_query(): Parameter 1 expected to be Array or Object.  Incorrect value given D:\weixinpt\htdocs\App\Common\Common\function.php 第 621 行.
INFO: [ app_end ] --START--
INFO: Run Behavior\ShowPageTraceBehavior [ RunTime:0.001166s ]
INFO: [ app_end ] --END-- [ RunTime:0.001237s ]

[ 2018-03-11T23:54:26+08:00 ] 182.140.175.143 /index.php/Home/Checkout/showpayment?FID=624331&FHTIME=2018-03-12%2023:53:00&api_msg=undefined
INFO: [ app_init ] --START--
INFO: Run Behavior\BuildLiteBehavior [ RunTime:0.000009s ]
INFO: [ app_init ] --END-- [ RunTime:0.000257s ]
INFO: [ app_begin ] --START--
INFO: Run Behavior\ReadHtmlCacheBehavior [ RunTime:0.001073s ]
INFO: [ app_begin ] --END-- [ RunTime:0.001113s ]
SQL: exec Jp_getBillsum 624331 [ RunTime:0.0017s ]
SQL: exec Jp_getorderjsqk 624331 [ RunTime:0.0217s ]
SQL: exec Jp_getcustAccount 129661 [ RunTime:1.2115s ]
INFO: [ view_parse ] --START--
INFO: [ template_filter ] --START--
INFO: Run Behavior\ContentReplaceBehavior [ RunTime:0.000089s ]
INFO: [ template_filter ] --END-- [ RunTime:0.000136s ]
INFO: Run Behavior\ParseTemplateBehavior [ RunTime:0.031329s ]
INFO: [ view_parse ] --END-- [ RunTime:0.031389s ]
INFO: [ view_filter ] --START--
INFO: Run Behavior\WriteHtmlCacheBehavior [ RunTime:0.001070s ]
INFO: [ view_filter ] --END-- [ RunTime:0.001103s ]
INFO: [ app_end ] --START--
INFO: Run Behavior\ShowPageTraceBehavior [ RunTime:0.001133s ]
INFO: [ app_end ] --END-- [ RunTime:0.001165s ]

[ 2018-03-11T23:54:29+08:00 ] 182.140.175.143 /index.php/Home/Abcpay/index/?order_billno=XSDD201803006456&order_id=624331&total_fee=539.90
INFO: [ app_init ] --START--
INFO: Run Behavior\BuildLiteBehavior [ RunTime:0.000009s ]
INFO: [ app_init ] --END-- [ RunTime:0.000246s ]
INFO: [ app_begin ] --START--
INFO: Run Behavior\ReadHtmlCacheBehavior [ RunTime:0.001047s ]
INFO: [ app_begin ] --END-- [ RunTime:0.001085s ]
SQL: select a.FENTRYID,FACCOUNTNAME,FBANKCODE from T_BD_CUSTBANK a where a.fcustid=129661 order by FISDEFAULT desc   [ RunTime:0.0019s ]
INFO: [ view_parse ] --START--
INFO: [ template_filter ] --START--
INFO: Run Behavior\ContentReplaceBehavior [ RunTime:0.000064s ]
INFO: [ template_filter ] --END-- [ RunTime:0.000100s ]
NOTIC: [8] Undefined variable: to D:\weixinpt\htdocs\App\Runtime\Cache\Home\f59ed20dc9a6dce5e68a0e10375906d3.php 第 41 行.
INFO: Run Behavior\ParseTemplateBehavior [ RunTime:0.007365s ]
INFO: [ view_parse ] --END-- [ RunTime:0.007409s ]
INFO: [ view_filter ] --START--
INFO: Run Behavior\WriteHtmlCacheBehavior [ RunTime:0.001063s ]
INFO: [ view_filter ] --END-- [ RunTime:0.001095s ]
INFO: [ app_end ] --START--
INFO: Run Behavior\ShowPageTraceBehavior [ RunTime:0.001053s ]
INFO: [ app_end ] --END-- [ RunTime:0.001083s ]

[ 2018-03-11T23:54:30+08:00 ] 182.140.175.143 /index.php/Home/Abcpay/abcpay?fkaccount=6228480489612592274&order_id=624331&order_billno=XSDD201803006456&total_fee=539.90
INFO: [ app_init ] --START--
INFO: Run Behavior\BuildLiteBehavior [ RunTime:0.000009s ]
INFO: [ app_init ] --END-- [ RunTime:0.000256s ]
INFO: [ app_begin ] --START--
INFO: Run Behavior\ReadHtmlCacheBehavior [ RunTime:0.001057s ]
INFO: [ app_begin ] --END-- [ RunTime:0.001093s ]
SQL: select 1 from Jt_orderjsrecord where billid=624331 and fssje=fzfje  [ RunTime:0.0224s ]
SQL: select a.FENTRYID,FACCOUNTNAME,FBANKCODE from T_BD_CUSTBANK a where a.fcustid=129661 and fbankcode='6228480489612592274' [ RunTime:0.0019s ]
INFO: [ app_end ] --START--
INFO: Run Behavior\ShowPageTraceBehavior [ RunTime:0.001177s ]
INFO: [ app_end ] --END-- [ RunTime:0.001215s ]

[ 2018-03-11T23:54:37+08:00 ] 182.140.175.143 /index.php/Home/Abc/abcpay_?fkaccount=6228480489612592274&order_id=624331&order_billno=XSDD201803006456&total_fee=539.90&fkaccname=%E9%BB%84%E6%9F%AF%E7%9D%BF
INFO: [ app_init ] --START--
INFO: Run Behavior\BuildLiteBehavior [ RunTime:0.000010s ]
INFO: [ app_init ] --END-- [ RunTime:0.000340s ]
INFO: [ app_begin ] --START--
INFO: Run Behavior\ReadHtmlCacheBehavior [ RunTime:0.001054s ]
INFO: [ app_begin ] --END-- [ RunTime:0.001088s ]
SQL: SELECT   column_name,   data_type,   column_default,   is_nullable
        FROM    information_schema.tables AS t
        JOIN    information_schema.columns AS c
        ON  t.table_catalog = c.table_catalog
        AND t.table_schema  = c.table_schema
        AND t.table_name    = c.table_name
        WHERE   t.table_name = 'jt_abc_sendrecord' [ RunTime:0.0026s ]
SQL: SELECT T1.* FROM (SELECT thinkphp.*, ROW_NUMBER() OVER ( ORDER BY rand()) AS ROW_NUMBER FROM (SELECT  COUNT(*) AS tp_count FROM [jt_abc_sendrecord] WHERE ( billno='XSDD201803006456' ) ) AS thinkphp) AS T1 WHERE (T1.ROW_NUMBER BETWEEN 1 AND 1) [ RunTime:0.0325s ]
SQL: insert into jt_abc_sendrecord(billno) values('XSDD201803006456') [ RunTime:0.0129s ]
SQL: exec Jp_order_zfupdate 624331,1,539.90 [ RunTime:0.1687s ]
SQL: SELECT   column_name,   data_type,   column_default,   is_nullable
        FROM    information_schema.tables AS t
        JOIN    information_schema.columns AS c
        ON  t.table_catalog = c.table_catalog
        AND t.table_schema  = c.table_schema
        AND t.table_name    = c.table_name
        WHERE   t.table_name = 't_sal_order' [ RunTime:0.0047s ]
SQL: SELECT T1.* FROM (SELECT thinkphp.*, ROW_NUMBER() OVER ( ORDER BY rand()) AS ROW_NUMBER FROM (SELECT  [fcustid] FROM [t_sal_order] WHERE ( fbillno='XSDD201803006456' ) ) AS thinkphp) AS T1 WHERE (T1.ROW_NUMBER BETWEEN 1 AND 1) [ RunTime:0.0061s ]
SQL: SELECT   column_name,   data_type,   column_default,   is_nullable
        FROM    information_schema.tables AS t
        JOIN    information_schema.columns AS c
        ON  t.table_catalog = c.table_catalog
        AND t.table_schema  = c.table_schema
        AND t.table_name    = c.table_name
        WHERE   t.table_name = 't_bd_customer' [ RunTime:0.0042s ]
SQL: SELECT T1.* FROM (SELECT thinkphp.*, ROW_NUMBER() OVER ( ORDER BY rand()) AS ROW_NUMBER FROM (SELECT  [fnumber] FROM [t_bd_customer] WHERE ( fcustid=129661 ) ) AS thinkphp) AS T1 WHERE (T1.ROW_NUMBER BETWEEN 1 AND 1) [ RunTime:0.0019s ]
SQL: SELECT   column_name,   data_type,   column_default,   is_nullable
        FROM    information_schema.tables AS t
        JOIN    information_schema.columns AS c
        ON  t.table_catalog = c.table_catalog
        AND t.table_schema  = c.table_schema
        AND t.table_name    = c.table_name
        WHERE   t.table_name = 'v_bd_salesman' [ RunTime:0.0023s ]
SQL: SELECT T1.* FROM (SELECT thinkphp.*, ROW_NUMBER() OVER ( ORDER BY rand()) AS ROW_NUMBER FROM (SELECT  v_bd_salesman.fnumber FROM [v_bd_salesman] INNER JOIN t_bd_customer on v_bd_salesman.fid=t_bd_customer.fseller  WHERE ( t_bd_customer.fcustid=129661  ) ) AS thinkphp) AS T1 WHERE (T1.ROW_NUMBER BETWEEN 1 AND 1) [ RunTime:0.0020s ]
SQL: SELECT T1.* FROM (SELECT thinkphp.*, ROW_NUMBER() OVER ( ORDER BY rand()) AS ROW_NUMBER FROM (SELECT  [fid] FROM [t_sal_order] WHERE ( fbillno='XSDD201803006456' ) ) AS thinkphp) AS T1 WHERE (T1.ROW_NUMBER BETWEEN 1 AND 1) [ RunTime:0.0048s ]
SQL: SELECT   column_name,   data_type,   column_default,   is_nullable
        FROM    information_schema.tables AS t
        JOIN    information_schema.columns AS c
        ON  t.table_catalog = c.table_catalog
        AND t.table_schema  = c.table_schema
        AND t.table_name    = c.table_name
        WHERE   t.table_name = 't_ar_receivebill' [ RunTime:0.0039s ]
SQL: SELECT T1.* FROM (SELECT thinkphp.*, ROW_NUMBER() OVER ( ORDER BY rand()) AS ROW_NUMBER FROM (SELECT  COUNT(*) AS tp_count FROM [t_ar_receivebill] WHERE ( F_PAEZ_Text='XSDD201803006456' ) ) AS thinkphp) AS T1 WHERE (T1.ROW_NUMBER BETWEEN 1 AND 1) [ RunTime:0.0792s ]
INFO: [ app_end ] --START--
INFO: Run Behavior\ShowPageTraceBehavior [ RunTime:0.001506s ]
INFO: [ app_end ] --END-- [ RunTime:0.001572s ]

[ 2018-03-11T23:54:44+08:00 ] 182.140.175.143 /index.php/Home/Cust/showorderdetail?billid=624331
INFO: [ app_init ] --START--
INFO: Run Behavior\BuildLiteBehavior [ RunTime:0.000009s ]
INFO: [ app_init ] --END-- [ RunTime:0.000245s ]
INFO: [ app_begin ] --START--
INFO: Run Behavior\ReadHtmlCacheBehavior [ RunTime:0.001048s ]
INFO: [ app_begin ] --END-- [ RunTime:0.001093s ]
SQL: exec Jp_getorderdetail 624331 [ RunTime:5.2079s ]
SQL: exec Jp_getCustAddress_order 129661,0 [ RunTime:0.0017s ]
SQL: exec Jp_getorderlist_detail 624331  [ RunTime:0.0276s ]
SQL: exec Jp_getorderjsqk 624331 [ RunTime:0.0134s ]
SQL: exec Jp_getorder_ysqk 624331 [ RunTime:0.0017s ]
SQL: exec Jp_get_order_star 624331 [ RunTime:0.0014s ]
NOTIC: [8] Undefined variable: star D:\weixinpt\htdocs\App\Home\Controller\CustController.class.php 第 405 行.
SQL: select fparameters from T_BAS_SysParameter where FPARAMETEROBJID='PAEZ_weixinzfgl' [ RunTime:0.0020s ]
SQL: select f_wxyn from t_bd_customer where fcustid=129661 [ RunTime:0.0015s ]
NOTIC: [8] Undefined index: F_PAEZ_Chkqtyhdk D:\weixinpt\htdocs\App\Home\Controller\CustController.class.php 第 166 行.
INFO: [ view_parse ] --START--
INFO: [ template_filter ] --START--
INFO: Run Behavior\ContentReplaceBehavior [ RunTime:0.000128s ]
INFO: [ template_filter ] --END-- [ RunTime:0.000163s ]
INFO: Run Behavior\ParseTemplateBehavior [ RunTime:0.048954s ]
INFO: [ view_parse ] --END-- [ RunTime:0.049010s ]
INFO: [ view_filter ] --START--
INFO: Run Behavior\WriteHtmlCacheBehavior [ RunTime:0.001080s ]
INFO: [ view_filter ] --END-- [ RunTime:0.001112s ]
INFO: [ app_end ] --START--
INFO: Run Behavior\ShowPageTraceBehavior [ RunTime:0.001063s ]
INFO: [ app_end ] --END-- [ RunTime:0.001098s ]

[ 2018-03-11T23:54:56+08:00 ] 182.131.11.51 /
INFO: [ app_init ] --START--
INFO: Run Behavior\BuildLiteBehavior [ RunTime:0.000009s ]
INFO: [ app_init ] --END-- [ RunTime:0.000239s ]
INFO: [ app_begin ] --START--
INFO: Run Behavior\ReadHtmlCacheBehavior [ RunTime:0.001061s ]
INFO: [ app_begin ] --END-- [ RunTime:0.001107s ]
SQL: select b.fuserid,b.fcustomerid,b.fdefaultorgid,fcustomernumber,b.fcustomermasterid,fisadmin,a.fname  from t_sec_user a,t_cp_userprofile b where a.fuserid=b.fuserid and a.fname='cql13659020629'  [ RunTime:0.0022s ]
SQL: select fisshy from t_bd_customer where fcustid=129844 [ RunTime:0.0015s ]

[ 2018-03-11T23:54:58+08:00 ] 182.131.11.51 /index.php/Home/Shy.html
INFO: [ app_init ] --START--
INFO: Run Behavior\BuildLiteBehavior [ RunTime:0.000009s ]
INFO: [ app_init ] --END-- [ RunTime:0.000240s ]
INFO: [ app_begin ] --START--
INFO: Run Behavior\ReadHtmlCacheBehavior [ RunTime:0.001037s ]
INFO: [ app_begin ] --END-- [ RunTime:0.001083s ]
SQL: exec Jp_get_sfaudit_param [ RunTime:0.0014s ]
SQL: select b.fid from t_bd_customer_l a,t_hr_empinfo_l b where a.fname=b.fname and a.fcustid=129844 [ RunTime:0.0028s ]
SQL: exec Jp_getorderlist_shyqiangdan 102354,0,'A' [ RunTime:0.1202s ]
SQL: exec Jp_getorderlist_detail 624330  [ RunTime:0.0372s ]
SQL: exec Jp_getorderlist_detail 624328  [ RunTime:0.0354s ]
SQL: exec Jp_getorderlist_detail 624310  [ RunTime:0.0348s ]
SQL: exec Jp_getorderlist_detail 624307  [ RunTime:0.0323s ]
SQL: exec Jp_getorderlist_detail 624290  [ RunTime:0.0332s ]
SQL: exec Jp_getorderlist_detail 624289  [ RunTime:0.0333s ]
SQL: exec Jp_getorderlist_detail 624281  [ RunTime:0.0260s ]
SQL: exec Jp_getorderlist_detail 624275  [ RunTime:0.0201s ]
SQL: exec Jp_getorderlist_detail 624227  [ RunTime:0.0309s ]
SQL: exec Jp_getorderlist_detail 624155  [ RunTime:0.0123s ]
SQL: exec Jp_getorderlist_detail 624151  [ RunTime:0.0326s ]
SQL: exec Jp_getorderlist_detail 624149  [ RunTime:0.0371s ]
SQL: exec Jp_getorderlist_detail 624146  [ RunTime:0.0305s ]
SQL: exec Jp_getorderlist_detail 624136  [ RunTime:0.0350s ]
SQL: exec Jp_getorderlist_detail 624115  [ RunTime:0.0273s ]
SQL: exec Jp_getorderlist_detail 624097  [ RunTime:0.0172s ]
SQL: exec Jp_getorderlist_detail 624083  [ RunTime:0.0105s ]
SQL: exec Jp_getorderlist_detail 624081  [ RunTime:0.0183s ]
SQL: select b.fid from t_bd_customer_l a,t_hr_empinfo_l b where a.fname=b.fname and a.fcustid=129844 [ RunTime:0.0023s ]
SQL: exec Jp_getorderlist_shy_dsh 102354,0,'A' [ RunTime:0.5790s ]
SQL: exec Jp_getorderlist_detail 623694  [ RunTime:0.0275s ]
SQL: exec Jp_getorderlist_detail 623229  [ RunTime:0.0318s ]
SQL: exec Jp_getorderlist_detail 622339  [ RunTime:0.0270s ]
SQL: exec Jp_getorderlist_detail 622023  [ RunTime:0.0264s ]
SQL: select b.fid from t_bd_customer_l a,t_hr_empinfo_l b where a.fname=b.fname and a.fcustid=129844 [ RunTime:0.0022s ]
SQL: exec Jp_getorderlist_shy_over 102354,0,'A' [ RunTime:0.1878s ]
INFO: [ view_parse ] --START--
INFO: [ template_filter ] --START--
INFO: Run Behavior\ContentReplaceBehavior [ RunTime:0.000088s ]
INFO: [ template_filter ] --END-- [ RunTime:0.000125s ]
INFO: Run Behavior\ParseTemplateBehavior [ RunTime:0.047236s ]
INFO: [ view_parse ] --END-- [ RunTime:0.047293s ]
INFO: [ view_filter ] --START--
INFO: Run Behavior\WriteHtmlCacheBehavior [ RunTime:0.001070s ]
INFO: [ view_filter ] --END-- [ RunTime:0.001101s ]
INFO: [ app_end ] --START--
INFO: Run Behavior\ShowPageTraceBehavior [ RunTime:0.001058s ]
INFO: [ app_end ] --END-- [ RunTime:0.001093s ]

[ 2018-03-11T23:55:00+08:00 ] 182.131.11.51 /
INFO: [ app_init ] --START--
INFO: Run Behavior\BuildLiteBehavior [ RunTime:0.000009s ]
INFO: [ app_init ] --END-- [ RunTime:0.000235s ]
INFO: [ app_begin ] --START--
INFO: Run Behavior\ReadHtmlCacheBehavior [ RunTime:0.001039s ]
INFO: [ app_begin ] --END-- [ RunTime:0.001089s ]
SQL: select b.fuserid,b.fcustomerid,b.fdefaultorgid,fcustomernumber,b.fcustomermasterid,fisadmin,a.fname  from t_sec_user a,t_cp_userprofile b where a.fuserid=b.fuserid and a.fname='cql13659020629'  [ RunTime:0.0024s ]
SQL: select fisshy from t_bd_customer where fcustid=129844 [ RunTime:0.0016s ]

[ 2018-03-11T23:55:02+08:00 ] 182.131.11.51 /index.php/Home/Shy.html
INFO: [ app_init ] --START--
INFO: Run Behavior\BuildLiteBehavior [ RunTime:0.000009s ]
INFO: [ app_init ] --END-- [ RunTime:0.000239s ]
INFO: [ app_begin ] --START--
INFO: Run Behavior\ReadHtmlCacheBehavior [ RunTime:0.001024s ]
INFO: [ app_begin ] --END-- [ RunTime:0.001071s ]
SQL: exec Jp_get_sfaudit_param [ RunTime:0.0018s ]
SQL: select b.fid from t_bd_customer_l a,t_hr_empinfo_l b where a.fname=b.fname and a.fcustid=129844 [ RunTime:0.0033s ]
SQL: exec Jp_getorderlist_shyqiangdan 102354,0,'A' [ RunTime:0.1265s ]
SQL: exec Jp_getorderlist_detail 624330  [ RunTime:0.0440s ]
SQL: exec Jp_getorderlist_detail 624328  [ RunTime:0.0419s ]
SQL: exec Jp_getorderlist_detail 624310  [ RunTime:0.0422s ]
SQL: exec Jp_getorderlist_detail 624307  [ RunTime:0.0411s ]
SQL: exec Jp_getorderlist_detail 624290  [ RunTime:0.0410s ]
SQL: exec Jp_getorderlist_detail 624289  [ RunTime:0.0392s ]
SQL: exec Jp_getorderlist_detail 624281  [ RunTime:0.0283s ]
SQL: exec Jp_getorderlist_detail 624275  [ RunTime:0.0212s ]
SQL: exec Jp_getorderlist_detail 624227  [ RunTime:0.0348s ]
SQL: exec Jp_getorderlist_detail 624155  [ RunTime:0.0134s ]
SQL: exec Jp_getorderlist_detail 624151  [ RunTime:0.0363s ]
SQL: exec Jp_getorderlist_detail 624149  [ RunTime:0.0404s ]
SQL: exec Jp_getorderlist_detail 624146  [ RunTime:0.0335s ]
SQL: exec Jp_getorderlist_detail 624136  [ RunTime:0.0386s ]
SQL: exec Jp_getorderlist_detail 624115  [ RunTime:0.0308s ]
SQL: exec Jp_getorderlist_detail 624097  [ RunTime:0.0202s ]
SQL: exec Jp_getorderlist_detail 624083  [ RunTime:0.0125s ]
SQL: exec Jp_getorderlist_detail 624081  [ RunTime:0.0220s ]
SQL: select b.fid from t_bd_customer_l a,t_hr_empinfo_l b where a.fname=b.fname and a.fcustid=129844 [ RunTime:0.0030s ]
SQL: exec Jp_getorderlist_shy_dsh 102354,0,'A' [ RunTime:0.6063s ]
SQL: exec Jp_getorderlist_detail 623694  [ RunTime:0.0290s ]
SQL: exec Jp_getorderlist_detail 623229  [ RunTime:0.0339s ]
SQL: exec Jp_getorderlist_detail 622339  [ RunTime:0.0282s ]
SQL: exec Jp_getorderlist_detail 622023  [ RunTime:0.0288s ]
SQL: select b.fid from t_bd_customer_l a,t_hr_empinfo_l b where a.fname=b.fname and a.fcustid=129844 [ RunTime:0.0026s ]
SQL: exec Jp_getorderlist_shy_over 102354,0,'A' [ RunTime:0.1979s ]
INFO: [ view_parse ] --START--
INFO: [ template_filter ] --START--
INFO: Run Behavior\ContentReplaceBehavior [ RunTime:0.000088s ]
INFO: [ template_filter ] --END-- [ RunTime:0.000124s ]
INFO: Run Behavior\ParseTemplateBehavior [ RunTime:0.045766s ]
INFO: [ view_parse ] --END-- [ RunTime:0.045823s ]
INFO: [ view_filter ] --START--
INFO: Run Behavior\WriteHtmlCacheBehavior [ RunTime:0.001060s ]
INFO: [ view_filter ] --END-- [ RunTime:0.001093s ]
INFO: [ app_end ] --START--
INFO: Run Behavior\ShowPageTraceBehavior [ RunTime:0.001054s ]
INFO: [ app_end ] --END-- [ RunTime:0.001089s ]

[ 2018-03-11T23:55:40+08:00 ] 182.131.11.51 /
INFO: [ app_init ] --START--
INFO: Run Behavior\BuildLiteBehavior [ RunTime:0.000009s ]
INFO: [ app_init ] --END-- [ RunTime:0.000239s ]
INFO: [ app_begin ] --START--
INFO: Run Behavior\ReadHtmlCacheBehavior [ RunTime:0.001029s ]
INFO: [ app_begin ] --END-- [ RunTime:0.001078s ]
SQL: select b.fuserid,b.fcustomerid,b.fdefaultorgid,fcustomernumber,b.fcustomermasterid,fisadmin,a.fname  from t_sec_user a,t_cp_userprofile b where a.fuserid=b.fuserid and a.fname='cql13659020629'  [ RunTime:0.0020s ]
SQL: select fisshy from t_bd_customer where fcustid=129844 [ RunTime:0.0016s ]

[ 2018-03-11T23:55:42+08:00 ] 182.131.11.51 /index.php/Home/Shy.html
INFO: [ app_init ] --START--
INFO: Run Behavior\BuildLiteBehavior [ RunTime:0.000009s ]
INFO: [ app_init ] --END-- [ RunTime:0.000237s ]
INFO: [ app_begin ] --START--
INFO: Run Behavior\ReadHtmlCacheBehavior [ RunTime:0.001023s ]
INFO: [ app_begin ] --END-- [ RunTime:0.001068s ]
SQL: exec Jp_get_sfaudit_param [ RunTime:0.0018s ]
SQL: select b.fid from t_bd_customer_l a,t_hr_empinfo_l b where a.fname=b.fname and a.fcustid=129844 [ RunTime:0.0035s ]
SQL: exec Jp_getorderlist_shyqiangdan 102354,0,'A' [ RunTime:0.1239s ]
SQL: exec Jp_getorderlist_detail 624330  [ RunTime:0.0464s ]
SQL: exec Jp_getorderlist_detail 624328  [ RunTime:0.0406s ]
SQL: exec Jp_getorderlist_detail 624310  [ RunTime:0.0407s ]
SQL: exec Jp_getorderlist_detail 624307  [ RunTime:0.0398s ]
SQL: exec Jp_getorderlist_detail 624290  [ RunTime:0.0380s ]
SQL: exec Jp_getorderlist_detail 624289  [ RunTime:0.0380s ]
SQL: exec Jp_getorderlist_detail 624281  [ RunTime:0.0247s ]
SQL: exec Jp_getorderlist_detail 624275  [ RunTime:0.0200s ]
SQL: exec Jp_getorderlist_detail 624227  [ RunTime:0.0288s ]
SQL: exec Jp_getorderlist_detail 624155  [ RunTime:0.0111s ]
SQL: exec Jp_getorderlist_detail 624151  [ RunTime:0.0319s ]
SQL: exec Jp_getorderlist_detail 624149  [ RunTime:0.0382s ]
SQL: exec Jp_getorderlist_detail 624146  [ RunTime:0.0412s ]
SQL: exec Jp_getorderlist_detail 624136  [ RunTime:0.0470s ]
SQL: exec Jp_getorderlist_detail 624115  [ RunTime:0.0332s ]
SQL: exec Jp_getorderlist_detail 624097  [ RunTime:0.0244s ]
SQL: exec Jp_getorderlist_detail 624083  [ RunTime:0.0132s ]
SQL: exec Jp_getorderlist_detail 624081  [ RunTime:0.0237s ]
SQL: select b.fid from t_bd_customer_l a,t_hr_empinfo_l b where a.fname=b.fname and a.fcustid=129844 [ RunTime:0.0031s ]
SQL: exec Jp_getorderlist_shy_dsh 102354,0,'A' [ RunTime:0.5969s ]
SQL: exec Jp_getorderlist_detail 623694  [ RunTime:0.0282s ]
SQL: exec Jp_getorderlist_detail 623229  [ RunTime:0.0364s ]
SQL: exec Jp_getorderlist_detail 622339  [ RunTime:0.0316s ]
SQL: exec Jp_getorderlist_detail 622023  [ RunTime:0.0344s ]
SQL: select b.fid from t_bd_customer_l a,t_hr_empinfo_l b where a.fname=b.fname and a.fcustid=129844 [ RunTime:0.0030s ]
SQL: exec Jp_getorderlist_shy_over 102354,0,'A' [ RunTime:0.2795s ]
INFO: [ view_parse ] --START--
INFO: [ template_filter ] --START--
INFO: Run Behavior\ContentReplaceBehavior [ RunTime:0.000087s ]
INFO: [ template_filter ] --END-- [ RunTime:0.000124s ]
INFO: Run Behavior\ParseTemplateBehavior [ RunTime:0.046611s ]
INFO: [ view_parse ] --END-- [ RunTime:0.046668s ]
INFO: [ view_filter ] --START--
INFO: Run Behavior\WriteHtmlCacheBehavior [ RunTime:0.001052s ]
INFO: [ view_filter ] --END-- [ RunTime:0.001084s ]
INFO: [ app_end ] --START--
INFO: Run Behavior\ShowPageTraceBehavior [ RunTime:0.001056s ]
INFO: [ app_end ] --END-- [ RunTime:0.001090s ]

[ 2018-03-11T23:58:55+08:00 ] 183.3.234.46 /Home/Weixinpay/notify
INFO: [ app_init ] --START--
INFO: Run Behavior\BuildLiteBehavior [ RunTime:0.000009s ]
INFO: [ app_init ] --END-- [ RunTime:0.000248s ]
INFO: [ app_begin ] --START--
INFO: Run Behavior\ReadHtmlCacheBehavior [ RunTime:0.001020s ]
INFO: [ app_begin ] --END-- [ RunTime:0.001058s ]
SQL: select fid from t_sal_order where fbillno='XSDD201803006366' [ RunTime:0.0016s ]
SQL: exec Jp_order_zfupdate 624241,2,72 [ RunTime:0.0223s ]
SQL: SELECT   column_name,   data_type,   column_default,   is_nullable
        FROM    information_schema.tables AS t
        JOIN    information_schema.columns AS c
        ON  t.table_catalog = c.table_catalog
        AND t.table_schema  = c.table_schema
        AND t.table_name    = c.table_name
        WHERE   t.table_name = 't_sal_order' [ RunTime:0.0043s ]
SQL: SELECT T1.* FROM (SELECT thinkphp.*, ROW_NUMBER() OVER ( ORDER BY rand()) AS ROW_NUMBER FROM (SELECT  [fcustid] FROM [t_sal_order] WHERE ( fbillno='XSDD201803006366' ) ) AS thinkphp) AS T1 WHERE (T1.ROW_NUMBER BETWEEN 1 AND 1) [ RunTime:0.0018s ]
SQL: SELECT   column_name,   data_type,   column_default,   is_nullable
        FROM    information_schema.tables AS t
        JOIN    information_schema.columns AS c
        ON  t.table_catalog = c.table_catalog
        AND t.table_schema  = c.table_schema
        AND t.table_name    = c.table_name
        WHERE   t.table_name = 't_bd_customer' [ RunTime:0.0042s ]
SQL: SELECT T1.* FROM (SELECT thinkphp.*, ROW_NUMBER() OVER ( ORDER BY rand()) AS ROW_NUMBER FROM (SELECT  [fnumber] FROM [t_bd_customer] WHERE ( fcustid=129864 ) ) AS thinkphp) AS T1 WHERE (T1.ROW_NUMBER BETWEEN 1 AND 1) [ RunTime:0.0017s ]
SQL: SELECT   column_name,   data_type,   column_default,   is_nullable
        FROM    information_schema.tables AS t
        JOIN    information_schema.columns AS c
        ON  t.table_catalog = c.table_catalog
        AND t.table_schema  = c.table_schema
        AND t.table_name    = c.table_name
        WHERE   t.table_name = 'v_bd_salesman' [ RunTime:0.0024s ]
SQL: SELECT T1.* FROM (SELECT thinkphp.*, ROW_NUMBER() OVER ( ORDER BY rand()) AS ROW_NUMBER FROM (SELECT  v_bd_salesman.fnumber FROM [v_bd_salesman] INNER JOIN t_bd_customer on v_bd_salesman.fid=t_bd_customer.fseller  WHERE ( t_bd_customer.fcustid=129864  ) ) AS thinkphp) AS T1 WHERE (T1.ROW_NUMBER BETWEEN 1 AND 1) [ RunTime:0.0019s ]
SQL: SELECT T1.* FROM (SELECT thinkphp.*, ROW_NUMBER() OVER ( ORDER BY rand()) AS ROW_NUMBER FROM (SELECT  [fid] FROM [t_sal_order] WHERE ( fbillno='XSDD201803006366' ) ) AS thinkphp) AS T1 WHERE (T1.ROW_NUMBER BETWEEN 1 AND 1) [ RunTime:0.0018s ]
SQL: SELECT   column_name,   data_type,   column_default,   is_nullable
        FROM    information_schema.tables AS t
        JOIN    information_schema.columns AS c
        ON  t.table_catalog = c.table_catalog
        AND t.table_schema  = c.table_schema
        AND t.table_name    = c.table_name
        WHERE   t.table_name = 't_ar_receivebill' [ RunTime:0.0040s ]
SQL: SELECT T1.* FROM (SELECT thinkphp.*, ROW_NUMBER() OVER ( ORDER BY rand()) AS ROW_NUMBER FROM (SELECT  COUNT(*) AS tp_count FROM [t_ar_receivebill] WHERE ( F_PAEZ_Text='XSDD201803006366' ) ) AS thinkphp) AS T1 WHERE (T1.ROW_NUMBER BETWEEN 1 AND 1) [ RunTime:0.0701s ]
INFO: [ view_parse ] --START--
INFO: [ template_filter ] --START--
INFO: Run Behavior\ContentReplaceBehavior [ RunTime:0.000041s ]
INFO: [ template_filter ] --END-- [ RunTime:0.000087s ]
NOTIC: [8] Undefined variable: order_billno D:\weixinpt\htdocs\App\Runtime\Cache\Home\e2f942c7605416e15e915e7bb63150d2.php 第 26 行.
NOTIC: [8] Undefined variable: zftime D:\weixinpt\htdocs\App\Runtime\Cache\Home\e2f942c7605416e15e915e7bb63150d2.php 第 29 行.
NOTIC: [8] Undefined variable: total_fee D:\weixinpt\htdocs\App\Runtime\Cache\Home\e2f942c7605416e15e915e7bb63150d2.php 第 32 行.
NOTIC: [8] Undefined variable: billid D:\weixinpt\htdocs\App\Runtime\Cache\Home\e2f942c7605416e15e915e7bb63150d2.php 第 39 行.
INFO: Run Behavior\ParseTemplateBehavior [ RunTime:0.006575s ]
INFO: [ view_parse ] --END-- [ RunTime:0.006615s ]
INFO: [ view_filter ] --START--
INFO: Run Behavior\WriteHtmlCacheBehavior [ RunTime:0.001043s ]
INFO: [ view_filter ] --END-- [ RunTime:0.001074s ]
INFO: [ app_end ] --START--
INFO: Run Behavior\ShowPageTraceBehavior [ RunTime:0.001029s ]
INFO: [ app_end ] --END-- [ RunTime:0.001059s ]

