[ 2018-05-28T23:49:25+08:00 ] 124.161.27.117 /index.php/Home/Goodsdetail/addBasket?publishid=136395&qty=11
INFO: [ app_init ] --START--
INFO: Run Behavior\BuildLiteBehavior [ RunTime:0.000000s ]
INFO: [ app_init ] --END-- [ RunTime:0.000000s ]
INFO: [ app_begin ] --START--
INFO: Run Behavior\ReadHtmlCacheBehavior [ RunTime:0.000000s ]
INFO: [ app_begin ] --END-- [ RunTime:0.000000s ]
SQL: exec Jp_setBasket 136395,11,135094,0,0  [ RunTime:0.0156s ]
INFO: [ app_end ] --START--
INFO: Run Behavior\ShowPageTraceBehavior [ RunTime:0.000000s ]
INFO: [ app_end ] --END-- [ RunTime:0.000000s ]

[ 2018-05-28T23:49:26+08:00 ] 223.85.132.35 /index.php/Home/Index/getbasketcount
INFO: [ app_init ] --START--
INFO: Run Behavior\BuildLiteBehavior [ RunTime:0.000000s ]
INFO: [ app_init ] --END-- [ RunTime:0.000000s ]
INFO: [ app_begin ] --START--
INFO: Run Behavior\ReadHtmlCacheBehavior [ RunTime:0.015600s ]
INFO: [ app_begin ] --END-- [ RunTime:0.015600s ]
SQL: exec Jp_getcustBasket 135094 [ RunTime:0.0000s ]
INFO: [ app_end ] --START--
INFO: Run Behavior\ShowPageTraceBehavior [ RunTime:0.000000s ]
INFO: [ app_end ] --END-- [ RunTime:0.000000s ]

[ 2018-05-28T23:49:32+08:00 ] 101.226.103.63 /Home/Weixinpay/notify
INFO: [ app_init ] --START--
INFO: Run Behavior\BuildLiteBehavior [ RunTime:0.000000s ]
INFO: [ app_init ] --END-- [ RunTime:0.000000s ]
INFO: [ app_begin ] --START--
INFO: Run Behavior\ReadHtmlCacheBehavior [ RunTime:0.000000s ]
INFO: [ app_begin ] --END-- [ RunTime:0.000000s ]
SQL: select fid from t_sal_order where fbillno='XSDD201805017522' [ RunTime:0.0000s ]
SQL: exec Jp_order_zfupdate 723500,2,2692.5 [ RunTime:0.0312s ]
SQL: SELECT   column_name,   data_type,   column_default,   is_nullable
        FROM    information_schema.tables AS t
        JOIN    information_schema.columns AS c
        ON  t.table_catalog = c.table_catalog
        AND t.table_schema  = c.table_schema
        AND t.table_name    = c.table_name
        WHERE   t.table_name = 't_sal_order' [ RunTime:0.0000s ]
SQL: SELECT T1.* FROM (SELECT thinkphp.*, ROW_NUMBER() OVER ( ORDER BY rand()) AS ROW_NUMBER FROM (SELECT  [fcustid] FROM [t_sal_order] WHERE ( fbillno='XSDD201805017522' ) ) AS thinkphp) AS T1 WHERE (T1.ROW_NUMBER BETWEEN 1 AND 1) [ RunTime:0.0000s ]
SQL: SELECT   column_name,   data_type,   column_default,   is_nullable
        FROM    information_schema.tables AS t
        JOIN    information_schema.columns AS c
        ON  t.table_catalog = c.table_catalog
        AND t.table_schema  = c.table_schema
        AND t.table_name    = c.table_name
        WHERE   t.table_name = 't_bd_customer' [ RunTime:0.0000s ]
SQL: SELECT T1.* FROM (SELECT thinkphp.*, ROW_NUMBER() OVER ( ORDER BY rand()) AS ROW_NUMBER FROM (SELECT  [fnumber] FROM [t_bd_customer] WHERE ( fcustid=129880 ) ) AS thinkphp) AS T1 WHERE (T1.ROW_NUMBER BETWEEN 1 AND 1) [ RunTime:0.0000s ]
SQL: SELECT   column_name,   data_type,   column_default,   is_nullable
        FROM    information_schema.tables AS t
        JOIN    information_schema.columns AS c
        ON  t.table_catalog = c.table_catalog
        AND t.table_schema  = c.table_schema
        AND t.table_name    = c.table_name
        WHERE   t.table_name = 'v_bd_salesman' [ RunTime:0.0000s ]
SQL: SELECT T1.* FROM (SELECT thinkphp.*, ROW_NUMBER() OVER ( ORDER BY rand()) AS ROW_NUMBER FROM (SELECT  v_bd_salesman.fnumber FROM [v_bd_salesman] INNER JOIN t_bd_customer on v_bd_salesman.fid=t_bd_customer.fseller  WHERE ( t_bd_customer.fcustid=129880  ) ) AS thinkphp) AS T1 WHERE (T1.ROW_NUMBER BETWEEN 1 AND 1) [ RunTime:0.0000s ]
SQL: SELECT T1.* FROM (SELECT thinkphp.*, ROW_NUMBER() OVER ( ORDER BY rand()) AS ROW_NUMBER FROM (SELECT  [fid] FROM [t_sal_order] WHERE ( fbillno='XSDD201805017522' ) ) AS thinkphp) AS T1 WHERE (T1.ROW_NUMBER BETWEEN 1 AND 1) [ RunTime:0.0000s ]
SQL: SELECT   column_name,   data_type,   column_default,   is_nullable
        FROM    information_schema.tables AS t
        JOIN    information_schema.columns AS c
        ON  t.table_catalog = c.table_catalog
        AND t.table_schema  = c.table_schema
        AND t.table_name    = c.table_name
        WHERE   t.table_name = 't_ar_receivebill' [ RunTime:0.0156s ]
SQL: SELECT T1.* FROM (SELECT thinkphp.*, ROW_NUMBER() OVER ( ORDER BY rand()) AS ROW_NUMBER FROM (SELECT  COUNT(*) AS tp_count FROM [t_ar_receivebill] WHERE ( F_PAEZ_Text='XSDD201805017522' ) ) AS thinkphp) AS T1 WHERE (T1.ROW_NUMBER BETWEEN 1 AND 1) [ RunTime:0.0780s ]
INFO: [ view_parse ] --START--
INFO: [ template_filter ] --START--
INFO: Run Behavior\ContentReplaceBehavior [ RunTime:0.000000s ]
INFO: [ template_filter ] --END-- [ RunTime:0.000000s ]
NOTIC: [8] Undefined variable: order_billno D:\weixinpt\htdocs\App\Runtime\Cache\Home\e2f942c7605416e15e915e7bb63150d2.php 第 26 行.
NOTIC: [8] Undefined variable: zftime D:\weixinpt\htdocs\App\Runtime\Cache\Home\e2f942c7605416e15e915e7bb63150d2.php 第 30 行.
NOTIC: [8] Undefined variable: total_fee D:\weixinpt\htdocs\App\Runtime\Cache\Home\e2f942c7605416e15e915e7bb63150d2.php 第 33 行.
NOTIC: [8] Undefined variable: billid D:\weixinpt\htdocs\App\Runtime\Cache\Home\e2f942c7605416e15e915e7bb63150d2.php 第 40 行.
INFO: Run Behavior\ParseTemplateBehavior [ RunTime:0.015600s ]
INFO: [ view_parse ] --END-- [ RunTime:0.031200s ]
INFO: [ view_filter ] --START--
INFO: Run Behavior\WriteHtmlCacheBehavior [ RunTime:0.000000s ]
INFO: [ view_filter ] --END-- [ RunTime:0.000000s ]
INFO: [ app_end ] --START--
INFO: Run Behavior\ShowPageTraceBehavior [ RunTime:0.000000s ]
INFO: [ app_end ] --END-- [ RunTime:0.000000s ]

[ 2018-05-28T23:49:37+08:00 ] 223.85.132.35 /index.php/Home/Goodsdetail/addBasket?publishid=136396&qty=81
INFO: [ app_init ] --START--
INFO: Run Behavior\BuildLiteBehavior [ RunTime:0.000000s ]
INFO: [ app_init ] --END-- [ RunTime:0.015600s ]
INFO: [ app_begin ] --START--
INFO: Run Behavior\ReadHtmlCacheBehavior [ RunTime:0.000000s ]
INFO: [ app_begin ] --END-- [ RunTime:0.000000s ]
SQL: exec Jp_setBasket 136396,81,135094,0,0  [ RunTime:0.0000s ]
INFO: [ app_end ] --START--
INFO: Run Behavior\ShowPageTraceBehavior [ RunTime:0.000000s ]
INFO: [ app_end ] --END-- [ RunTime:0.000000s ]

[ 2018-05-28T23:49:37+08:00 ] 223.85.132.35 /index.php/Home/Index/getbasketcount
INFO: [ app_init ] --START--
INFO: Run Behavior\BuildLiteBehavior [ RunTime:0.000000s ]
INFO: [ app_init ] --END-- [ RunTime:0.000000s ]
INFO: [ app_begin ] --START--
INFO: Run Behavior\ReadHtmlCacheBehavior [ RunTime:0.000000s ]
INFO: [ app_begin ] --END-- [ RunTime:0.000000s ]
SQL: exec Jp_getcustBasket 135094 [ RunTime:0.0156s ]
INFO: [ app_end ] --START--
INFO: Run Behavior\ShowPageTraceBehavior [ RunTime:0.000000s ]
INFO: [ app_end ] --END-- [ RunTime:0.000000s ]

[ 2018-05-28T23:49:45+08:00 ] 223.85.132.35 /index.php/Home/Goodsdetail/addBasket?publishid=136397&qty=44
INFO: [ app_init ] --START--
INFO: Run Behavior\BuildLiteBehavior [ RunTime:0.000000s ]
INFO: [ app_init ] --END-- [ RunTime:0.000000s ]
INFO: [ app_begin ] --START--
INFO: Run Behavior\ReadHtmlCacheBehavior [ RunTime:0.000000s ]
INFO: [ app_begin ] --END-- [ RunTime:0.000000s ]
SQL: exec Jp_setBasket 136397,44,135094,0,0  [ RunTime:0.0000s ]
INFO: [ app_end ] --START--
INFO: Run Behavior\ShowPageTraceBehavior [ RunTime:0.000000s ]
INFO: [ app_end ] --END-- [ RunTime:0.000000s ]

[ 2018-05-28T23:49:45+08:00 ] 223.85.132.35 /index.php/Home/Index/getbasketcount
INFO: [ app_init ] --START--
INFO: Run Behavior\BuildLiteBehavior [ RunTime:0.000000s ]
INFO: [ app_init ] --END-- [ RunTime:0.000000s ]
INFO: [ app_begin ] --START--
INFO: Run Behavior\ReadHtmlCacheBehavior [ RunTime:0.000000s ]
INFO: [ app_begin ] --END-- [ RunTime:0.000000s ]
SQL: exec Jp_getcustBasket 135094 [ RunTime:0.0000s ]
INFO: [ app_end ] --START--
INFO: Run Behavior\ShowPageTraceBehavior [ RunTime:0.000000s ]
INFO: [ app_end ] --END-- [ RunTime:0.000000s ]

[ 2018-05-28T23:49:52+08:00 ] 182.131.11.51 /index.php/Home/Goodsdetail/addBasket?publishid=136398&qty=49
INFO: [ app_init ] --START--
INFO: Run Behavior\BuildLiteBehavior [ RunTime:0.000000s ]
INFO: [ app_init ] --END-- [ RunTime:0.000000s ]
INFO: [ app_begin ] --START--
INFO: Run Behavior\ReadHtmlCacheBehavior [ RunTime:0.000000s ]
INFO: [ app_begin ] --END-- [ RunTime:0.000000s ]
SQL: exec Jp_setBasket 136398,49,135094,0,0  [ RunTime:0.0000s ]
INFO: [ app_end ] --START--
INFO: Run Behavior\ShowPageTraceBehavior [ RunTime:0.000000s ]
INFO: [ app_end ] --END-- [ RunTime:0.000000s ]

[ 2018-05-28T23:49:52+08:00 ] 223.85.132.35 /index.php/Home/Index/getbasketcount
INFO: [ app_init ] --START--
INFO: Run Behavior\BuildLiteBehavior [ RunTime:0.000000s ]
INFO: [ app_init ] --END-- [ RunTime:0.000000s ]
INFO: [ app_begin ] --START--
INFO: Run Behavior\ReadHtmlCacheBehavior [ RunTime:0.000000s ]
INFO: [ app_begin ] --END-- [ RunTime:0.000000s ]
SQL: exec Jp_getcustBasket 135094 [ RunTime:0.0000s ]
INFO: [ app_end ] --START--
INFO: Run Behavior\ShowPageTraceBehavior [ RunTime:0.015600s ]
INFO: [ app_end ] --END-- [ RunTime:0.015600s ]

[ 2018-05-28T23:50:00+08:00 ] 223.85.132.35 /index.php/Home/Goodsdetail/addBasket?publishid=136399&qty=107
INFO: [ app_init ] --START--
INFO: Run Behavior\BuildLiteBehavior [ RunTime:0.000000s ]
INFO: [ app_init ] --END-- [ RunTime:0.000000s ]
INFO: [ app_begin ] --START--
INFO: Run Behavior\ReadHtmlCacheBehavior [ RunTime:0.000000s ]
INFO: [ app_begin ] --END-- [ RunTime:0.000000s ]
SQL: exec Jp_setBasket 136399,107,135094,0,0  [ RunTime:0.0000s ]
INFO: [ app_end ] --START--
INFO: Run Behavior\ShowPageTraceBehavior [ RunTime:0.000000s ]
INFO: [ app_end ] --END-- [ RunTime:0.000000s ]

[ 2018-05-28T23:50:01+08:00 ] 223.85.132.35 /index.php/Home/Index/getbasketcount
INFO: [ app_init ] --START--
INFO: Run Behavior\BuildLiteBehavior [ RunTime:0.000000s ]
INFO: [ app_init ] --END-- [ RunTime:0.000000s ]
INFO: [ app_begin ] --START--
INFO: Run Behavior\ReadHtmlCacheBehavior [ RunTime:0.015600s ]
INFO: [ app_begin ] --END-- [ RunTime:0.015600s ]
SQL: exec Jp_getcustBasket 135094 [ RunTime:0.0000s ]
INFO: [ app_end ] --START--
INFO: Run Behavior\ShowPageTraceBehavior [ RunTime:0.000000s ]
INFO: [ app_end ] --END-- [ RunTime:0.000000s ]

[ 2018-05-28T23:50:12+08:00 ] 223.85.132.35 /index.php/Home/Goodsdetail/addBasket?publishid=136400&qty=65
INFO: [ app_init ] --START--
INFO: Run Behavior\BuildLiteBehavior [ RunTime:0.000000s ]
INFO: [ app_init ] --END-- [ RunTime:0.000000s ]
INFO: [ app_begin ] --START--
INFO: Run Behavior\ReadHtmlCacheBehavior [ RunTime:0.000000s ]
INFO: [ app_begin ] --END-- [ RunTime:0.000000s ]
SQL: exec Jp_setBasket 136400,65,135094,0,0  [ RunTime:0.0312s ]
INFO: [ app_end ] --START--
INFO: Run Behavior\ShowPageTraceBehavior [ RunTime:0.000000s ]
INFO: [ app_end ] --END-- [ RunTime:0.000000s ]

[ 2018-05-28T23:50:12+08:00 ] 223.85.132.35 /index.php/Home/Index/getbasketcount
INFO: [ app_init ] --START--
INFO: Run Behavior\BuildLiteBehavior [ RunTime:0.000000s ]
INFO: [ app_init ] --END-- [ RunTime:0.000000s ]
INFO: [ app_begin ] --START--
INFO: Run Behavior\ReadHtmlCacheBehavior [ RunTime:0.000000s ]
INFO: [ app_begin ] --END-- [ RunTime:0.000000s ]
SQL: exec Jp_getcustBasket 135094 [ RunTime:0.0000s ]
INFO: [ app_end ] --START--
INFO: Run Behavior\ShowPageTraceBehavior [ RunTime:0.015600s ]
INFO: [ app_end ] --END-- [ RunTime:0.015600s ]

[ 2018-05-28T23:50:18+08:00 ] 223.85.132.35 /index.php/Home/Goodsdetail/addBasket?publishid=136401&qty=58
INFO: [ app_init ] --START--
INFO: Run Behavior\BuildLiteBehavior [ RunTime:0.000000s ]
INFO: [ app_init ] --END-- [ RunTime:0.000000s ]
INFO: [ app_begin ] --START--
INFO: Run Behavior\ReadHtmlCacheBehavior [ RunTime:0.000000s ]
INFO: [ app_begin ] --END-- [ RunTime:0.000000s ]
SQL: exec Jp_setBasket 136401,58,135094,0,0  [ RunTime:0.0156s ]
INFO: [ app_end ] --START--
INFO: Run Behavior\ShowPageTraceBehavior [ RunTime:0.000000s ]
INFO: [ app_end ] --END-- [ RunTime:0.000000s ]

[ 2018-05-28T23:50:19+08:00 ] 223.85.132.35 /index.php/Home/Index/getbasketcount
INFO: [ app_init ] --START--
INFO: Run Behavior\BuildLiteBehavior [ RunTime:0.000000s ]
INFO: [ app_init ] --END-- [ RunTime:0.000000s ]
INFO: [ app_begin ] --START--
INFO: Run Behavior\ReadHtmlCacheBehavior [ RunTime:0.000000s ]
INFO: [ app_begin ] --END-- [ RunTime:0.000000s ]
SQL: exec Jp_getcustBasket 135094 [ RunTime:0.0000s ]
INFO: [ app_end ] --START--
INFO: Run Behavior\ShowPageTraceBehavior [ RunTime:0.015600s ]
INFO: [ app_end ] --END-- [ RunTime:0.015600s ]

[ 2018-05-28T23:50:29+08:00 ] 223.85.132.35 /index.php/Home/Goodsdetail/addBasket?publishid=321082&qty=22
INFO: [ app_init ] --START--
INFO: Run Behavior\BuildLiteBehavior [ RunTime:0.000000s ]
INFO: [ app_init ] --END-- [ RunTime:0.000000s ]
INFO: [ app_begin ] --START--
INFO: Run Behavior\ReadHtmlCacheBehavior [ RunTime:0.000000s ]
INFO: [ app_begin ] --END-- [ RunTime:0.000000s ]
SQL: exec Jp_setBasket 321082,22,135094,0,0  [ RunTime:0.0312s ]
INFO: [ app_end ] --START--
INFO: Run Behavior\ShowPageTraceBehavior [ RunTime:0.000000s ]
INFO: [ app_end ] --END-- [ RunTime:0.000000s ]

[ 2018-05-28T23:50:30+08:00 ] 223.85.132.35 /index.php/Home/Index/getbasketcount
INFO: [ app_init ] --START--
INFO: Run Behavior\BuildLiteBehavior [ RunTime:0.000000s ]
INFO: [ app_init ] --END-- [ RunTime:0.000000s ]
INFO: [ app_begin ] --START--
INFO: Run Behavior\ReadHtmlCacheBehavior [ RunTime:0.000000s ]
INFO: [ app_begin ] --END-- [ RunTime:0.000000s ]
SQL: exec Jp_getcustBasket 135094 [ RunTime:0.0000s ]
INFO: [ app_end ] --START--
INFO: Run Behavior\ShowPageTraceBehavior [ RunTime:0.000000s ]
INFO: [ app_end ] --END-- [ RunTime:0.000000s ]

[ 2018-05-28T23:50:31+08:00 ] 223.85.132.35 /index.php/Home/Basket
INFO: [ app_init ] --START--
INFO: Run Behavior\BuildLiteBehavior [ RunTime:0.000000s ]
INFO: [ app_init ] --END-- [ RunTime:0.000000s ]
INFO: [ app_begin ] --START--
INFO: Run Behavior\ReadHtmlCacheBehavior [ RunTime:0.000000s ]
INFO: [ app_begin ] --END-- [ RunTime:0.000000s ]
SQL: exec Jp_getgoodsBasket 135094,0 [ RunTime:0.0156s ]
INFO: [ view_parse ] --START--
INFO: [ template_filter ] --START--
INFO: Run Behavior\ContentReplaceBehavior [ RunTime:0.000000s ]
INFO: [ template_filter ] --END-- [ RunTime:0.000000s ]
INFO: Run Behavior\ParseTemplateBehavior [ RunTime:0.031200s ]
INFO: [ view_parse ] --END-- [ RunTime:0.031200s ]
INFO: [ view_filter ] --START--
INFO: Run Behavior\WriteHtmlCacheBehavior [ RunTime:0.000000s ]
INFO: [ view_filter ] --END-- [ RunTime:0.000000s ]
INFO: [ app_end ] --START--
INFO: Run Behavior\ShowPageTraceBehavior [ RunTime:0.000000s ]
INFO: [ app_end ] --END-- [ RunTime:0.000000s ]

[ 2018-05-28T23:50:32+08:00 ] 182.131.11.51 /index.php/Home/Index/getbasketcount
INFO: [ app_init ] --START--
INFO: Run Behavior\BuildLiteBehavior [ RunTime:0.000000s ]
INFO: [ app_init ] --END-- [ RunTime:0.000000s ]
INFO: [ app_begin ] --START--
INFO: Run Behavior\ReadHtmlCacheBehavior [ RunTime:0.015600s ]
INFO: [ app_begin ] --END-- [ RunTime:0.015600s ]
SQL: exec Jp_getcustBasket 135094 [ RunTime:0.0000s ]
INFO: [ app_end ] --START--
INFO: Run Behavior\ShowPageTraceBehavior [ RunTime:0.000000s ]
INFO: [ app_end ] --END-- [ RunTime:0.000000s ]

[ 2018-05-28T23:50:32+08:00 ] 182.131.11.51 /index.php/Home/Index/getcustneiqin
INFO: [ app_init ] --START--
INFO: Run Behavior\BuildLiteBehavior [ RunTime:0.000000s ]
INFO: [ app_init ] --END-- [ RunTime:0.000000s ]
INFO: [ app_begin ] --START--
INFO: Run Behavior\ReadHtmlCacheBehavior [ RunTime:0.000000s ]
INFO: [ app_begin ] --END-- [ RunTime:0.000000s ]
SQL: exec Jp_getcust_neiqin 129626 [ RunTime:0.0000s ]
INFO: [ app_end ] --START--
INFO: Run Behavior\ShowPageTraceBehavior [ RunTime:0.000000s ]
INFO: [ app_end ] --END-- [ RunTime:0.000000s ]

[ 2018-05-28T23:50:33+08:00 ] 124.161.27.117 /index.php/Home/Basket/getbasketamountsum?sel_goods%5B%5D=1661562&sel_goods%5B%5D=1661563&sel_goods%5B%5D=1661564&sel_goods%5B%5D=1661565&sel_goods%5B%5D=1661566&sel_goods%5B%5D=1661567&sel_goods%5B%5D=1661568&sel_goods%5B%5D=1661569
INFO: [ app_init ] --START--
INFO: Run Behavior\BuildLiteBehavior [ RunTime:0.000000s ]
INFO: [ app_init ] --END-- [ RunTime:0.000000s ]
INFO: [ app_begin ] --START--
INFO: Run Behavior\ReadHtmlCacheBehavior [ RunTime:0.000000s ]
INFO: [ app_begin ] --END-- [ RunTime:0.000000s ]
SQL: exec Jp_getgoodsBasket_sum 135094,'1661562,1661563,1661564,1661565,1661566,1661567,1661568,1661569' [ RunTime:0.0156s ]
INFO: [ app_end ] --START--
INFO: Run Behavior\ShowPageTraceBehavior [ RunTime:0.000000s ]
INFO: [ app_end ] --END-- [ RunTime:0.000000s ]

[ 2018-05-28T23:50:36+08:00 ] 223.85.132.35 /index.php/Home/Checkout?sel_goods=1661562,1661563,1661564,1661565,1661566,1661567,1661568,1661569
INFO: [ app_init ] --START--
INFO: Run Behavior\BuildLiteBehavior [ RunTime:0.000000s ]
INFO: [ app_init ] --END-- [ RunTime:0.000000s ]
INFO: [ app_begin ] --START--
INFO: Run Behavior\ReadHtmlCacheBehavior [ RunTime:0.000000s ]
INFO: [ app_begin ] --END-- [ RunTime:0.000000s ]
SQL: select fname from t_bd_customer_l where fcustid=129626 [ RunTime:0.0156s ]
SQL: select a.fcustid,fname,FADDRESS,b.fcontact,a.fentryid,a.fisdefaultconsignee as isdef from T_BD_CUSTLOCATION a left join T_BD_CUSTCONTACT b on a.FTCONTACT=b.FCONTACTID  where a.FCUSTID=129626 order by a.FISDEFAULTCONSIGNEE desc  [ RunTime:0.0000s ]
SQL: select fcontact from T_BD_CUSTCONTACT where fcustid=129626 order by fisdefault desc   [ RunTime:0.0156s ]
SQL: exec  Jp_getgoodsSPM 129626 [ RunTime:0.0468s ]
SQL: exec Jp_Autocalcbox '1661562,1661563,1661564,1661565,1661566,1661567,1661568,1661569' [ RunTime:0.0000s ]
SQL: exec Jp_auto_spm_calc 135094,129626,'1661562,1661563,1661564,1661565,1661566,1661567,1661568,1661569' [ RunTime:0.1560s ]
SQL: exec Jp_getgoodsBasket_checked 135094,'1661562,1661563,1661564,1661565,1661566,1661567,1661568,1661569' [ RunTime:0.0312s ]
SQL: exec Jp_getcustAccount 129626 [ RunTime:1.4040s ]
NOTIC: [8] Undefined index: isbox D:\weixinpt\htdocs\App\Home\Controller\CheckoutController.class.php 第 34 行.
SQL: exec Jp_getCust_fanliRule 129626 [ RunTime:0.0000s ]
SQL: select fparameters from T_BAS_SysParameter where FPARAMETEROBJID='PAEZ_weixinzfgl' [ RunTime:0.0000s ]
SQL: select f_wxyn from t_bd_customer where fcustid=129626 [ RunTime:0.0000s ]
NOTIC: [8] Undefined index: F_PAEZ_Chkqtyhdk D:\weixinpt\htdocs\App\Home\Controller\CheckoutController.class.php 第 72 行.
INFO: [ view_parse ] --START--
INFO: [ template_filter ] --START--
INFO: Run Behavior\ContentReplaceBehavior [ RunTime:0.000000s ]
INFO: [ template_filter ] --END-- [ RunTime:0.000000s ]
INFO: Run Behavior\ParseTemplateBehavior [ RunTime:0.062400s ]
INFO: [ view_parse ] --END-- [ RunTime:0.062400s ]
INFO: [ view_filter ] --START--
INFO: Run Behavior\WriteHtmlCacheBehavior [ RunTime:0.000000s ]
INFO: [ view_filter ] --END-- [ RunTime:0.000000s ]
INFO: [ app_end ] --START--
INFO: Run Behavior\ShowPageTraceBehavior [ RunTime:0.000000s ]
INFO: [ app_end ] --END-- [ RunTime:0.000000s ]

[ 2018-05-28T23:50:37+08:00 ] 223.85.132.35 /index.php/Home/Basket/getbasketamountsum?sel_goods%5B%5D=1661562&sel_goods%5B%5D=1661563&sel_goods%5B%5D=1661564&sel_goods%5B%5D=1661565&sel_goods%5B%5D=1661566&sel_goods%5B%5D=1661567&sel_goods%5B%5D=1661568&sel_goods%5B%5D=1661569
INFO: [ app_init ] --START--
INFO: Run Behavior\BuildLiteBehavior [ RunTime:0.000000s ]
INFO: [ app_init ] --END-- [ RunTime:0.000000s ]
INFO: [ app_begin ] --START--
INFO: Run Behavior\ReadHtmlCacheBehavior [ RunTime:0.000000s ]
INFO: [ app_begin ] --END-- [ RunTime:0.000000s ]
SQL: exec Jp_getgoodsBasket_sum 135094,'1661562,1661563,1661564,1661565,1661566,1661567,1661568,1661569' [ RunTime:0.0000s ]
INFO: [ app_end ] --START--
INFO: Run Behavior\ShowPageTraceBehavior [ RunTime:0.000000s ]
INFO: [ app_end ] --END-- [ RunTime:0.000000s ]

[ 2018-05-28T23:50:38+08:00 ] 223.85.132.35 /index.php/Home/Checkout/loadorderfj?sel_goods=1661562%2C1661563%2C1661564%2C1661565%2C1661566%2C1661567%2C1661568%2C1661569&_=1527522625447
INFO: [ app_init ] --START--
INFO: Run Behavior\BuildLiteBehavior [ RunTime:0.000000s ]
INFO: [ app_init ] --END-- [ RunTime:0.000000s ]
INFO: [ app_begin ] --START--
INFO: Run Behavior\ReadHtmlCacheBehavior [ RunTime:0.000000s ]
INFO: [ app_begin ] --END-- [ RunTime:0.000000s ]
SQL: exec Jp_Autocalcbox '1661562,1661563,1661564,1661565,1661566,1661567,1661568,1661569' [ RunTime:0.0000s ]
SQL: exec Jp_getgoodsSPM 129626 [ RunTime:0.0624s ]
SQL: exec Jp_auto_spm_calc 135094,129626,'1661562,1661563,1661564,1661565,1661566,1661567,1661568,1661569' [ RunTime:0.1560s ]
SQL: exec Jp_getjiesuanfujia '1661562,1661563,1661564,1661565,1661566,1661567,1661568,1661569' [ RunTime:0.0000s ]
INFO: [ view_parse ] --START--
INFO: [ template_filter ] --START--
INFO: Run Behavior\ContentReplaceBehavior [ RunTime:0.000000s ]
INFO: [ template_filter ] --END-- [ RunTime:0.000000s ]
INFO: Run Behavior\ParseTemplateBehavior [ RunTime:0.031200s ]
INFO: [ view_parse ] --END-- [ RunTime:0.031200s ]
INFO: [ view_filter ] --START--
INFO: Run Behavior\WriteHtmlCacheBehavior [ RunTime:0.000000s ]
INFO: [ view_filter ] --END-- [ RunTime:0.000000s ]
INFO: [ app_end ] --START--
INFO: Run Behavior\ShowPageTraceBehavior [ RunTime:0.000000s ]
INFO: [ app_end ] --END-- [ RunTime:0.000000s ]

[ 2018-05-28T23:51:06+08:00 ] 223.85.132.35 /index.php/Home/Basket/getbeforeamountsum?amountsum=970.1&fhrq=2018-05-29
INFO: [ app_init ] --START--
INFO: Run Behavior\BuildLiteBehavior [ RunTime:0.000000s ]
INFO: [ app_init ] --END-- [ RunTime:0.000000s ]
INFO: [ app_begin ] --START--
INFO: Run Behavior\ReadHtmlCacheBehavior [ RunTime:0.000000s ]
INFO: [ app_begin ] --END-- [ RunTime:0.000000s ]
SQL: exec Jp_getbeforeamountsum '129626','970.1', '2018-05-29' [ RunTime:0.0624s ]
INFO: [ app_end ] --START--
INFO: Run Behavior\ShowPageTraceBehavior [ RunTime:0.000000s ]
INFO: [ app_end ] --END-- [ RunTime:0.000000s ]

[ 2018-05-28T23:51:08+08:00 ] 223.85.132.35 /index.php/Home/Checkout/saveOrder
INFO: [ app_init ] --START--
INFO: Run Behavior\BuildLiteBehavior [ RunTime:0.000000s ]
INFO: [ app_init ] --END-- [ RunTime:0.000000s ]
INFO: [ app_begin ] --START--
INFO: Run Behavior\ReadHtmlCacheBehavior [ RunTime:0.000000s ]
INFO: [ app_begin ] --END-- [ RunTime:0.000000s ]
NOTIC: [8] Undefined index: upfile D:\weixinpt\htdocs\App\Home\Controller\CheckoutController.class.php 第 175 行.
SQL: exec Jp_getcust_order_3_check 129626 [ RunTime:0.0780s ]
SQL: exec Jp_savebefore_kcchk '1661562,1661563,1661564,1661565,1661566,1661567,1661568,1661569' [ RunTime:0.0156s ]
SQL: select fzfpwd from t_cp_userprofile where fuserid=135094 and fzfpwd='MTExMTEx' [ RunTime:0.0000s ]
SQL: select top 1 F_PAEZ_BASE,F_PAEZ_BASE1 from T_BD_CUSTOMER where F_PAEZ_BASE=fshy2 and fcustid=129626 [ RunTime:0.0000s ]
NOTIC: [8] Undefined variable: shyid D:\weixinpt\htdocs\App\Home\Controller\CheckoutController.class.php 第 260 行.
SQL: SELECT   column_name,   data_type,   column_default,   is_nullable
        FROM    information_schema.tables AS t
        JOIN    information_schema.columns AS c
        ON  t.table_catalog = c.table_catalog
        AND t.table_schema  = c.table_schema
        AND t.table_name    = c.table_name
        WHERE   t.table_name = 't_bd_customer' [ RunTime:0.0000s ]
SQL: SELECT T1.* FROM (SELECT thinkphp.*, ROW_NUMBER() OVER ( ORDER BY rand()) AS ROW_NUMBER FROM (SELECT  [fnumber] FROM [t_bd_customer] WHERE ( fcustid=129626 ) ) AS thinkphp) AS T1 WHERE (T1.ROW_NUMBER BETWEEN 1 AND 1) [ RunTime:0.0000s ]
SQL: SELECT   column_name,   data_type,   column_default,   is_nullable
        FROM    information_schema.tables AS t
        JOIN    information_schema.columns AS c
        ON  t.table_catalog = c.table_catalog
        AND t.table_schema  = c.table_schema
        AND t.table_name    = c.table_name
        WHERE   t.table_name = 'v_bd_salesman' [ RunTime:0.0000s ]
SQL: SELECT T1.* FROM (SELECT thinkphp.*, ROW_NUMBER() OVER ( ORDER BY rand()) AS ROW_NUMBER FROM (SELECT  v_bd_salesman.fnumber FROM [v_bd_salesman] INNER JOIN t_bd_customer on v_bd_salesman.fid=t_bd_customer.fseller  WHERE ( t_bd_customer.fcustid=129626  ) ) AS thinkphp) AS T1 WHERE (T1.ROW_NUMBER BETWEEN 1 AND 1) [ RunTime:0.0156s ]
SQL: exec Jp_update_SalOrder 723582,135094,0,129626,0 [ RunTime:0.0312s ]
SQL: exec Jp_postOrder 723582,'2018-05-29 23:50:00',129626,135094,0,'','1661562,1661563,1661564,1661565,1661566,1661567,1661568,1661569',0 [ RunTime:0.0624s ]
SQL: exec Jp_setorderjsrecord 723582,0,0.00,1,970.10,0 [ RunTime:0.0624s ]
INFO: [ app_end ] --START--
INFO: Run Behavior\ShowPageTraceBehavior [ RunTime:0.000000s ]
INFO: [ app_end ] --END-- [ RunTime:0.000000s ]

[ 2018-05-28T23:51:09+08:00 ] 223.85.132.35 /index.php/Home/Index/sendweixinmess?fid=723582&content=%E8%AE%A2%E5%8D%95%E6%9D%A5%E4%BA%86%EF%BC%81
INFO: [ app_init ] --START--
INFO: Run Behavior\BuildLiteBehavior [ RunTime:0.000000s ]
INFO: [ app_init ] --END-- [ RunTime:0.000000s ]
INFO: [ app_begin ] --START--
INFO: Run Behavior\ReadHtmlCacheBehavior [ RunTime:0.000000s ]
INFO: [ app_begin ] --END-- [ RunTime:0.000000s ]
SQL: exec Jp_getorder_songhuoyuan 723582 [ RunTime:0.2028s ]
NOTIC: [2] http_build_query(): Parameter 1 expected to be Array or Object.  Incorrect value given D:\weixinpt\htdocs\App\Common\Common\function.php 第 621 行.
INFO: [ app_end ] --START--
INFO: Run Behavior\ShowPageTraceBehavior [ RunTime:0.015600s ]
INFO: [ app_end ] --END-- [ RunTime:0.015600s ]

[ 2018-05-28T23:51:10+08:00 ] 223.85.132.35 /index.php/Home/Checkout/showpayment?FID=723582&FHTIME=2018-05-29%2023:50:00&api_msg=undefined
INFO: [ app_init ] --START--
INFO: Run Behavior\BuildLiteBehavior [ RunTime:0.000000s ]
INFO: [ app_init ] --END-- [ RunTime:0.000000s ]
INFO: [ app_begin ] --START--
INFO: Run Behavior\ReadHtmlCacheBehavior [ RunTime:0.000000s ]
INFO: [ app_begin ] --END-- [ RunTime:0.000000s ]
SQL: exec Jp_getBillsum 723582 [ RunTime:0.0000s ]
SQL: exec Jp_getorderjsqk 723582 [ RunTime:0.0156s ]
SQL: exec Jp_getcustAccount 129626 [ RunTime:1.6068s ]
INFO: [ view_parse ] --START--
INFO: [ template_filter ] --START--
INFO: Run Behavior\ContentReplaceBehavior [ RunTime:0.015600s ]
INFO: [ template_filter ] --END-- [ RunTime:0.015600s ]
INFO: Run Behavior\ParseTemplateBehavior [ RunTime:0.031200s ]
INFO: [ view_parse ] --END-- [ RunTime:0.031200s ]
INFO: [ view_filter ] --START--
INFO: Run Behavior\WriteHtmlCacheBehavior [ RunTime:0.015600s ]
INFO: [ view_filter ] --END-- [ RunTime:0.015600s ]
INFO: [ app_end ] --START--
INFO: Run Behavior\ShowPageTraceBehavior [ RunTime:0.000000s ]
INFO: [ app_end ] --END-- [ RunTime:0.000000s ]

[ 2018-05-28T23:51:11+08:00 ] 101.226.103.60 /Home/Weixinpay/notify
INFO: [ app_init ] --START--
INFO: Run Behavior\BuildLiteBehavior [ RunTime:0.000000s ]
INFO: [ app_init ] --END-- [ RunTime:0.000000s ]
INFO: [ app_begin ] --START--
INFO: Run Behavior\ReadHtmlCacheBehavior [ RunTime:0.000000s ]
INFO: [ app_begin ] --END-- [ RunTime:0.000000s ]
SQL: select fid from t_sal_order where fbillno='XSDD201805017525' [ RunTime:0.0000s ]
SQL: exec Jp_order_zfupdate 723503,2,610 [ RunTime:0.0312s ]
SQL: SELECT   column_name,   data_type,   column_default,   is_nullable
        FROM    information_schema.tables AS t
        JOIN    information_schema.columns AS c
        ON  t.table_catalog = c.table_catalog
        AND t.table_schema  = c.table_schema
        AND t.table_name    = c.table_name
        WHERE   t.table_name = 't_sal_order' [ RunTime:0.0000s ]
SQL: SELECT T1.* FROM (SELECT thinkphp.*, ROW_NUMBER() OVER ( ORDER BY rand()) AS ROW_NUMBER FROM (SELECT  [fcustid] FROM [t_sal_order] WHERE ( fbillno='XSDD201805017525' ) ) AS thinkphp) AS T1 WHERE (T1.ROW_NUMBER BETWEEN 1 AND 1) [ RunTime:0.0000s ]
SQL: SELECT   column_name,   data_type,   column_default,   is_nullable
        FROM    information_schema.tables AS t
        JOIN    information_schema.columns AS c
        ON  t.table_catalog = c.table_catalog
        AND t.table_schema  = c.table_schema
        AND t.table_name    = c.table_name
        WHERE   t.table_name = 't_bd_customer' [ RunTime:0.0000s ]
SQL: SELECT T1.* FROM (SELECT thinkphp.*, ROW_NUMBER() OVER ( ORDER BY rand()) AS ROW_NUMBER FROM (SELECT  [fnumber] FROM [t_bd_customer] WHERE ( fcustid=645522 ) ) AS thinkphp) AS T1 WHERE (T1.ROW_NUMBER BETWEEN 1 AND 1) [ RunTime:0.0000s ]
SQL: SELECT   column_name,   data_type,   column_default,   is_nullable
        FROM    information_schema.tables AS t
        JOIN    information_schema.columns AS c
        ON  t.table_catalog = c.table_catalog
        AND t.table_schema  = c.table_schema
        AND t.table_name    = c.table_name
        WHERE   t.table_name = 'v_bd_salesman' [ RunTime:0.0000s ]
SQL: SELECT T1.* FROM (SELECT thinkphp.*, ROW_NUMBER() OVER ( ORDER BY rand()) AS ROW_NUMBER FROM (SELECT  v_bd_salesman.fnumber FROM [v_bd_salesman] INNER JOIN t_bd_customer on v_bd_salesman.fid=t_bd_customer.fseller  WHERE ( t_bd_customer.fcustid=645522  ) ) AS thinkphp) AS T1 WHERE (T1.ROW_NUMBER BETWEEN 1 AND 1) [ RunTime:0.0000s ]
SQL: SELECT T1.* FROM (SELECT thinkphp.*, ROW_NUMBER() OVER ( ORDER BY rand()) AS ROW_NUMBER FROM (SELECT  [fid] FROM [t_sal_order] WHERE ( fbillno='XSDD201805017525' ) ) AS thinkphp) AS T1 WHERE (T1.ROW_NUMBER BETWEEN 1 AND 1) [ RunTime:0.0000s ]
SQL: SELECT   column_name,   data_type,   column_default,   is_nullable
        FROM    information_schema.tables AS t
        JOIN    information_schema.columns AS c
        ON  t.table_catalog = c.table_catalog
        AND t.table_schema  = c.table_schema
        AND t.table_name    = c.table_name
        WHERE   t.table_name = 't_ar_receivebill' [ RunTime:0.0000s ]
SQL: SELECT T1.* FROM (SELECT thinkphp.*, ROW_NUMBER() OVER ( ORDER BY rand()) AS ROW_NUMBER FROM (SELECT  COUNT(*) AS tp_count FROM [t_ar_receivebill] WHERE ( F_PAEZ_Text='XSDD201805017525' ) ) AS thinkphp) AS T1 WHERE (T1.ROW_NUMBER BETWEEN 1 AND 1) [ RunTime:0.0936s ]
INFO: [ view_parse ] --START--
INFO: [ template_filter ] --START--
INFO: Run Behavior\ContentReplaceBehavior [ RunTime:0.000000s ]
INFO: [ template_filter ] --END-- [ RunTime:0.000000s ]
NOTIC: [8] Undefined variable: order_billno D:\weixinpt\htdocs\App\Runtime\Cache\Home\e2f942c7605416e15e915e7bb63150d2.php 第 26 行.
NOTIC: [8] Undefined variable: zftime D:\weixinpt\htdocs\App\Runtime\Cache\Home\e2f942c7605416e15e915e7bb63150d2.php 第 30 行.
NOTIC: [8] Undefined variable: total_fee D:\weixinpt\htdocs\App\Runtime\Cache\Home\e2f942c7605416e15e915e7bb63150d2.php 第 33 行.
NOTIC: [8] Undefined variable: billid D:\weixinpt\htdocs\App\Runtime\Cache\Home\e2f942c7605416e15e915e7bb63150d2.php 第 40 行.
INFO: Run Behavior\ParseTemplateBehavior [ RunTime:0.015600s ]
INFO: [ view_parse ] --END-- [ RunTime:0.015600s ]
INFO: [ view_filter ] --START--
INFO: Run Behavior\WriteHtmlCacheBehavior [ RunTime:0.000000s ]
INFO: [ view_filter ] --END-- [ RunTime:0.000000s ]
INFO: [ app_end ] --START--
INFO: Run Behavior\ShowPageTraceBehavior [ RunTime:0.015600s ]
INFO: [ app_end ] --END-- [ RunTime:0.015600s ]

[ 2018-05-28T23:51:13+08:00 ] 223.85.132.35 /index.php/Home/Abcpay/index/?order_billno=XSDD201805017604&order_id=723582&total_fee=970.10
INFO: [ app_init ] --START--
INFO: Run Behavior\BuildLiteBehavior [ RunTime:0.000000s ]
INFO: [ app_init ] --END-- [ RunTime:0.000000s ]
INFO: [ app_begin ] --START--
INFO: Run Behavior\ReadHtmlCacheBehavior [ RunTime:0.000000s ]
INFO: [ app_begin ] --END-- [ RunTime:0.000000s ]
SQL: select a.FENTRYID,FACCOUNTNAME,FBANKCODE from T_BD_CUSTBANK a where a.fcustid=129626 order by FISDEFAULT desc   [ RunTime:0.0156s ]
INFO: [ view_parse ] --START--
INFO: [ template_filter ] --START--
INFO: Run Behavior\ContentReplaceBehavior [ RunTime:0.000000s ]
INFO: [ template_filter ] --END-- [ RunTime:0.000000s ]
NOTIC: [8] Undefined variable: to D:\weixinpt\htdocs\App\Runtime\Cache\Home\f59ed20dc9a6dce5e68a0e10375906d3.php 第 41 行.
INFO: Run Behavior\ParseTemplateBehavior [ RunTime:0.015600s ]
INFO: [ view_parse ] --END-- [ RunTime:0.015600s ]
INFO: [ view_filter ] --START--
INFO: Run Behavior\WriteHtmlCacheBehavior [ RunTime:0.000000s ]
INFO: [ view_filter ] --END-- [ RunTime:0.000000s ]
INFO: [ app_end ] --START--
INFO: Run Behavior\ShowPageTraceBehavior [ RunTime:0.000000s ]
INFO: [ app_end ] --END-- [ RunTime:0.000000s ]

[ 2018-05-28T23:51:15+08:00 ] 223.85.132.35 /index.php/Home/Abcpay/abcpay?fkaccount=6228484099610617076&order_id=723582&order_billno=XSDD201805017604&total_fee=970.10
INFO: [ app_init ] --START--
INFO: Run Behavior\BuildLiteBehavior [ RunTime:0.000000s ]
INFO: [ app_init ] --END-- [ RunTime:0.000000s ]
INFO: [ app_begin ] --START--
INFO: Run Behavior\ReadHtmlCacheBehavior [ RunTime:0.000000s ]
INFO: [ app_begin ] --END-- [ RunTime:0.000000s ]
SQL: select 1 from Jt_orderjsrecord where billid=723582 and fssje=fzfje  [ RunTime:0.0156s ]
SQL: select a.FENTRYID,FACCOUNTNAME,FBANKCODE from T_BD_CUSTBANK a where a.fcustid=129626 and fbankcode='6228484099610617076' [ RunTime:0.0156s ]
INFO: [ app_end ] --START--
INFO: Run Behavior\ShowPageTraceBehavior [ RunTime:0.000000s ]
INFO: [ app_end ] --END-- [ RunTime:0.000000s ]

[ 2018-05-28T23:51:22+08:00 ] 223.85.132.35 /index.php/Home/Abc/abcpay_?fkaccount=6228484099610617076&order_id=723582&order_billno=XSDD201805017604&total_fee=970.10&fkaccname=%E9%A9%AC%E5%B0%8F%E8%8A%B1
INFO: [ app_init ] --START--
INFO: Run Behavior\BuildLiteBehavior [ RunTime:0.000000s ]
INFO: [ app_init ] --END-- [ RunTime:0.000000s ]
INFO: [ app_begin ] --START--
INFO: Run Behavior\ReadHtmlCacheBehavior [ RunTime:0.000000s ]
INFO: [ app_begin ] --END-- [ RunTime:0.000000s ]
SQL: SELECT   column_name,   data_type,   column_default,   is_nullable
        FROM    information_schema.tables AS t
        JOIN    information_schema.columns AS c
        ON  t.table_catalog = c.table_catalog
        AND t.table_schema  = c.table_schema
        AND t.table_name    = c.table_name
        WHERE   t.table_name = 'jt_abc_sendrecord' [ RunTime:0.0000s ]
SQL: SELECT T1.* FROM (SELECT thinkphp.*, ROW_NUMBER() OVER ( ORDER BY rand()) AS ROW_NUMBER FROM (SELECT  COUNT(*) AS tp_count FROM [jt_abc_sendrecord] WHERE ( billno='XSDD201805017604' ) ) AS thinkphp) AS T1 WHERE (T1.ROW_NUMBER BETWEEN 1 AND 1) [ RunTime:0.0312s ]
SQL: insert into jt_abc_sendrecord(billno) values('XSDD201805017604') [ RunTime:0.0000s ]
SQL: exec Jp_order_zfupdate 723582,1,970.10 [ RunTime:0.1716s ]
SQL: SELECT   column_name,   data_type,   column_default,   is_nullable
        FROM    information_schema.tables AS t
        JOIN    information_schema.columns AS c
        ON  t.table_catalog = c.table_catalog
        AND t.table_schema  = c.table_schema
        AND t.table_name    = c.table_name
        WHERE   t.table_name = 't_sal_order' [ RunTime:0.0000s ]
SQL: SELECT T1.* FROM (SELECT thinkphp.*, ROW_NUMBER() OVER ( ORDER BY rand()) AS ROW_NUMBER FROM (SELECT  [fcustid] FROM [t_sal_order] WHERE ( fbillno='XSDD201805017604' ) ) AS thinkphp) AS T1 WHERE (T1.ROW_NUMBER BETWEEN 1 AND 1) [ RunTime:0.0156s ]
SQL: SELECT   column_name,   data_type,   column_default,   is_nullable
        FROM    information_schema.tables AS t
        JOIN    information_schema.columns AS c
        ON  t.table_catalog = c.table_catalog
        AND t.table_schema  = c.table_schema
        AND t.table_name    = c.table_name
        WHERE   t.table_name = 't_bd_customer' [ RunTime:0.0000s ]
SQL: SELECT T1.* FROM (SELECT thinkphp.*, ROW_NUMBER() OVER ( ORDER BY rand()) AS ROW_NUMBER FROM (SELECT  [fnumber] FROM [t_bd_customer] WHERE ( fcustid=129626 ) ) AS thinkphp) AS T1 WHERE (T1.ROW_NUMBER BETWEEN 1 AND 1) [ RunTime:0.0000s ]
SQL: SELECT   column_name,   data_type,   column_default,   is_nullable
        FROM    information_schema.tables AS t
        JOIN    information_schema.columns AS c
        ON  t.table_catalog = c.table_catalog
        AND t.table_schema  = c.table_schema
        AND t.table_name    = c.table_name
        WHERE   t.table_name = 'v_bd_salesman' [ RunTime:0.0000s ]
SQL: SELECT T1.* FROM (SELECT thinkphp.*, ROW_NUMBER() OVER ( ORDER BY rand()) AS ROW_NUMBER FROM (SELECT  v_bd_salesman.fnumber FROM [v_bd_salesman] INNER JOIN t_bd_customer on v_bd_salesman.fid=t_bd_customer.fseller  WHERE ( t_bd_customer.fcustid=129626  ) ) AS thinkphp) AS T1 WHERE (T1.ROW_NUMBER BETWEEN 1 AND 1) [ RunTime:0.0000s ]
SQL: SELECT T1.* FROM (SELECT thinkphp.*, ROW_NUMBER() OVER ( ORDER BY rand()) AS ROW_NUMBER FROM (SELECT  [fid] FROM [t_sal_order] WHERE ( fbillno='XSDD201805017604' ) ) AS thinkphp) AS T1 WHERE (T1.ROW_NUMBER BETWEEN 1 AND 1) [ RunTime:0.0156s ]
SQL: SELECT   column_name,   data_type,   column_default,   is_nullable
        FROM    information_schema.tables AS t
        JOIN    information_schema.columns AS c
        ON  t.table_catalog = c.table_catalog
        AND t.table_schema  = c.table_schema
        AND t.table_name    = c.table_name
        WHERE   t.table_name = 't_ar_receivebill' [ RunTime:0.0000s ]
SQL: SELECT T1.* FROM (SELECT thinkphp.*, ROW_NUMBER() OVER ( ORDER BY rand()) AS ROW_NUMBER FROM (SELECT  COUNT(*) AS tp_count FROM [t_ar_receivebill] WHERE ( F_PAEZ_Text='XSDD201805017604' ) ) AS thinkphp) AS T1 WHERE (T1.ROW_NUMBER BETWEEN 1 AND 1) [ RunTime:0.0936s ]
INFO: [ app_end ] --START--
INFO: Run Behavior\ShowPageTraceBehavior [ RunTime:0.000000s ]
INFO: [ app_end ] --END-- [ RunTime:0.000000s ]

[ 2018-05-28T23:51:51+08:00 ] 223.85.132.35 /index.php/Home/Cust/showorderdetail?billid=723582
INFO: [ app_init ] --START--
INFO: Run Behavior\BuildLiteBehavior [ RunTime:0.000000s ]
INFO: [ app_init ] --END-- [ RunTime:0.000000s ]
INFO: [ app_begin ] --START--
INFO: Run Behavior\ReadHtmlCacheBehavior [ RunTime:0.015600s ]
INFO: [ app_begin ] --END-- [ RunTime:0.015600s ]
SQL: exec Jp_getorderdetail 723582 [ RunTime:6.4740s ]
SQL: exec Jp_getCustAddress_order 129626,0 [ RunTime:0.0000s ]
SQL: exec Jp_getorderlist_detail 723582  [ RunTime:0.0468s ]
SQL: exec Jp_getorderjsqk 723582 [ RunTime:0.0312s ]
SQL: exec Jp_getorder_ysqk 723582 [ RunTime:0.0000s ]
SQL: exec Jp_get_order_star 723582 [ RunTime:0.0000s ]
NOTIC: [8] Undefined variable: star D:\weixinpt\htdocs\App\Home\Controller\CustController.class.php 第 434 行.
SQL: select fparameters from T_BAS_SysParameter where FPARAMETEROBJID='PAEZ_weixinzfgl' [ RunTime:0.0000s ]
SQL: select f_wxyn from t_bd_customer where fcustid=129626 [ RunTime:0.0000s ]
NOTIC: [8] Undefined index: F_PAEZ_Chkqtyhdk D:\weixinpt\htdocs\App\Home\Controller\CustController.class.php 第 193 行.
SQL: select fdocumentstatus,fbillno from t_sal_order where fid=723582 [ RunTime:0.0000s ]
SQL: select fzfje,fssje from jt_orderjsrecord where billid=723582 [ RunTime:0.0312s ]
INFO: [ view_parse ] --START--
INFO: [ template_filter ] --START--
INFO: Run Behavior\ContentReplaceBehavior [ RunTime:0.000000s ]
INFO: [ template_filter ] --END-- [ RunTime:0.000000s ]
INFO: Run Behavior\ParseTemplateBehavior [ RunTime:0.046800s ]
INFO: [ view_parse ] --END-- [ RunTime:0.046800s ]
INFO: [ view_filter ] --START--
INFO: Run Behavior\WriteHtmlCacheBehavior [ RunTime:0.000000s ]
INFO: [ view_filter ] --END-- [ RunTime:0.000000s ]
INFO: [ app_end ] --START--
INFO: Run Behavior\ShowPageTraceBehavior [ RunTime:0.000000s ]
INFO: [ app_end ] --END-- [ RunTime:0.000000s ]

[ 2018-05-28T23:52:17+08:00 ] 125.69.67.198 /index.php/Home/Cust/showorderdetail?billid=723582
INFO: [ app_init ] --START--
INFO: Run Behavior\BuildLiteBehavior [ RunTime:0.000000s ]
INFO: [ app_init ] --END-- [ RunTime:0.015600s ]
INFO: [ app_begin ] --START--
INFO: Run Behavior\ReadHtmlCacheBehavior [ RunTime:0.015600s ]
INFO: [ app_begin ] --END-- [ RunTime:0.015600s ]
SQL: exec Jp_getorderdetail 723582 [ RunTime:6.2556s ]
SQL: exec Jp_getCustAddress_order 129626,0 [ RunTime:0.0000s ]
SQL: exec Jp_getorderlist_detail 723582  [ RunTime:0.0156s ]
SQL: exec Jp_getorderjsqk 723582 [ RunTime:0.0156s ]
SQL: exec Jp_getorder_ysqk 723582 [ RunTime:0.0156s ]
SQL: exec Jp_get_order_star 723582 [ RunTime:0.0000s ]
NOTIC: [8] Undefined variable: star D:\weixinpt\htdocs\App\Home\Controller\CustController.class.php 第 434 行.
SQL: select fparameters from T_BAS_SysParameter where FPARAMETEROBJID='PAEZ_weixinzfgl' [ RunTime:0.0000s ]
SQL: select f_wxyn from t_bd_customer where fcustid=129626 [ RunTime:0.0000s ]
NOTIC: [8] Undefined index: F_PAEZ_Chkqtyhdk D:\weixinpt\htdocs\App\Home\Controller\CustController.class.php 第 193 行.
SQL: select fdocumentstatus,fbillno from t_sal_order where fid=723582 [ RunTime:0.0000s ]
SQL: select fzfje,fssje from jt_orderjsrecord where billid=723582 [ RunTime:0.0156s ]
INFO: [ view_parse ] --START--
INFO: [ template_filter ] --START--
INFO: Run Behavior\ContentReplaceBehavior [ RunTime:0.000000s ]
INFO: [ template_filter ] --END-- [ RunTime:0.000000s ]
INFO: Run Behavior\ParseTemplateBehavior [ RunTime:0.046800s ]
INFO: [ view_parse ] --END-- [ RunTime:0.046800s ]
INFO: [ view_filter ] --START--
INFO: Run Behavior\WriteHtmlCacheBehavior [ RunTime:0.000000s ]
INFO: [ view_filter ] --END-- [ RunTime:0.000000s ]
INFO: [ app_end ] --START--
INFO: Run Behavior\ShowPageTraceBehavior [ RunTime:0.015600s ]
INFO: [ app_end ] --END-- [ RunTime:0.015600s ]

[ 2018-05-28T23:54:07+08:00 ] 101.226.103.60 /Home/Weixinpay/notify
INFO: [ app_init ] --START--
INFO: Run Behavior\BuildLiteBehavior [ RunTime:0.000000s ]
INFO: [ app_init ] --END-- [ RunTime:0.000000s ]
INFO: [ app_begin ] --START--
INFO: Run Behavior\ReadHtmlCacheBehavior [ RunTime:0.000000s ]
INFO: [ app_begin ] --END-- [ RunTime:0.000000s ]
SQL: select fid from t_sal_order where fbillno='XSDD201805017530' [ RunTime:0.0000s ]
SQL: exec Jp_order_zfupdate 723508,2,628.3 [ RunTime:0.0312s ]
SQL: SELECT   column_name,   data_type,   column_default,   is_nullable
        FROM    information_schema.tables AS t
        JOIN    information_schema.columns AS c
        ON  t.table_catalog = c.table_catalog
        AND t.table_schema  = c.table_schema
        AND t.table_name    = c.table_name
        WHERE   t.table_name = 't_sal_order' [ RunTime:0.2028s ]
SQL: SELECT T1.* FROM (SELECT thinkphp.*, ROW_NUMBER() OVER ( ORDER BY rand()) AS ROW_NUMBER FROM (SELECT  [fcustid] FROM [t_sal_order] WHERE ( fbillno='XSDD201805017530' ) ) AS thinkphp) AS T1 WHERE (T1.ROW_NUMBER BETWEEN 1 AND 1) [ RunTime:0.0000s ]
SQL: SELECT   column_name,   data_type,   column_default,   is_nullable
        FROM    information_schema.tables AS t
        JOIN    information_schema.columns AS c
        ON  t.table_catalog = c.table_catalog
        AND t.table_schema  = c.table_schema
        AND t.table_name    = c.table_name
        WHERE   t.table_name = 't_bd_customer' [ RunTime:0.0312s ]
SQL: SELECT T1.* FROM (SELECT thinkphp.*, ROW_NUMBER() OVER ( ORDER BY rand()) AS ROW_NUMBER FROM (SELECT  [fnumber] FROM [t_bd_customer] WHERE ( fcustid=615773 ) ) AS thinkphp) AS T1 WHERE (T1.ROW_NUMBER BETWEEN 1 AND 1) [ RunTime:0.0000s ]
SQL: SELECT   column_name,   data_type,   column_default,   is_nullable
        FROM    information_schema.tables AS t
        JOIN    information_schema.columns AS c
        ON  t.table_catalog = c.table_catalog
        AND t.table_schema  = c.table_schema
        AND t.table_name    = c.table_name
        WHERE   t.table_name = 'v_bd_salesman' [ RunTime:0.0312s ]
SQL: SELECT T1.* FROM (SELECT thinkphp.*, ROW_NUMBER() OVER ( ORDER BY rand()) AS ROW_NUMBER FROM (SELECT  v_bd_salesman.fnumber FROM [v_bd_salesman] INNER JOIN t_bd_customer on v_bd_salesman.fid=t_bd_customer.fseller  WHERE ( t_bd_customer.fcustid=615773  ) ) AS thinkphp) AS T1 WHERE (T1.ROW_NUMBER BETWEEN 1 AND 1) [ RunTime:0.0000s ]
SQL: SELECT T1.* FROM (SELECT thinkphp.*, ROW_NUMBER() OVER ( ORDER BY rand()) AS ROW_NUMBER FROM (SELECT  [fid] FROM [t_sal_order] WHERE ( fbillno='XSDD201805017530' ) ) AS thinkphp) AS T1 WHERE (T1.ROW_NUMBER BETWEEN 1 AND 1) [ RunTime:0.0000s ]
SQL: SELECT   column_name,   data_type,   column_default,   is_nullable
        FROM    information_schema.tables AS t
        JOIN    information_schema.columns AS c
        ON  t.table_catalog = c.table_catalog
        AND t.table_schema  = c.table_schema
        AND t.table_name    = c.table_name
        WHERE   t.table_name = 't_ar_receivebill' [ RunTime:0.0468s ]
SQL: SELECT T1.* FROM (SELECT thinkphp.*, ROW_NUMBER() OVER ( ORDER BY rand()) AS ROW_NUMBER FROM (SELECT  COUNT(*) AS tp_count FROM [t_ar_receivebill] WHERE ( F_PAEZ_Text='XSDD201805017530' ) ) AS thinkphp) AS T1 WHERE (T1.ROW_NUMBER BETWEEN 1 AND 1) [ RunTime:0.0780s ]
INFO: [ view_parse ] --START--
INFO: [ template_filter ] --START--
INFO: Run Behavior\ContentReplaceBehavior [ RunTime:0.000000s ]
INFO: [ template_filter ] --END-- [ RunTime:0.000000s ]
NOTIC: [8] Undefined variable: order_billno D:\weixinpt\htdocs\App\Runtime\Cache\Home\e2f942c7605416e15e915e7bb63150d2.php 第 26 行.
NOTIC: [8] Undefined variable: zftime D:\weixinpt\htdocs\App\Runtime\Cache\Home\e2f942c7605416e15e915e7bb63150d2.php 第 30 行.
NOTIC: [8] Undefined variable: total_fee D:\weixinpt\htdocs\App\Runtime\Cache\Home\e2f942c7605416e15e915e7bb63150d2.php 第 33 行.
NOTIC: [8] Undefined variable: billid D:\weixinpt\htdocs\App\Runtime\Cache\Home\e2f942c7605416e15e915e7bb63150d2.php 第 40 行.
INFO: Run Behavior\ParseTemplateBehavior [ RunTime:0.031200s ]
INFO: [ view_parse ] --END-- [ RunTime:0.031200s ]
INFO: [ view_filter ] --START--
INFO: Run Behavior\WriteHtmlCacheBehavior [ RunTime:0.000000s ]
INFO: [ view_filter ] --END-- [ RunTime:0.000000s ]
INFO: [ app_end ] --START--
INFO: Run Behavior\ShowPageTraceBehavior [ RunTime:0.000000s ]
INFO: [ app_end ] --END-- [ RunTime:0.000000s ]

